{"/Users/qn/Documents/NuMedii_mac/Jandas/jandas/src/J.tsx": {"path":"/Users/qn/Documents/NuMedii_mac/Jandas/jandas/src/J.tsx","statementMap":{"0":{"start":{"line":1,"column":0},"end":{"line":1,"column":null}},"1":{"start":{"line":1011,"column":32},"end":{"line":2,"column":51}},"2":{"start":{"line":4,"column":0},"end":{"line":4,"column":43}},"3":{"start":{"line":7,"column":0},"end":{"line":7,"column":27}},"4":{"start":{"line":23,"column":4},"end":{"line":23,"column":null}},"5":{"start":{"line":26,"column":0},"end":{"line":26,"column":null}},"6":{"start":{"line":33,"column":8},"end":{"line":33,"column":null}},"7":{"start":{"line":34,"column":8},"end":{"line":34,"column":null}},"8":{"start":{"line":37,"column":4},"end":{"line":39,"column":null}},"9":{"start":{"line":38,"column":8},"end":{"line":38,"column":null}},"10":{"start":{"line":41,"column":21},"end":{"line":41,"column":25}},"11":{"start":{"line":42,"column":8},"end":{"line":42,"column":null}},"12":{"start":{"line":43,"column":8},"end":{"line":58,"column":null}},"13":{"start":{"line":47,"column":16},"end":{"line":55,"column":null}},"14":{"start":{"line":48,"column":31},"end":{"line":48,"column":54}},"15":{"start":{"line":49,"column":20},"end":{"line":49,"column":null}},"16":{"start":{"line":50,"column":20},"end":{"line":50,"column":null}},"17":{"start":{"line":51,"column":20},"end":{"line":51,"column":null}},"18":{"start":{"line":52,"column":20},"end":{"line":52,"column":null}},"19":{"start":{"line":54,"column":20},"end":{"line":54,"column":null}},"20":{"start":{"line":56,"column":16},"end":{"line":56,"column":null}},"21":{"start":{"line":59,"column":8},"end":{"line":59,"column":null}},"22":{"start":{"line":60,"column":8},"end":{"line":60,"column":null}},"23":{"start":{"line":63,"column":4},"end":{"line":69,"column":null}},"24":{"start":{"line":64,"column":24},"end":{"line":64,"column":65}},"25":{"start":{"line":65,"column":24},"end":{"line":65,"column":46}},"26":{"start":{"line":66,"column":25},"end":{"line":66,"column":55}},"27":{"start":{"line":67,"column":25},"end":{"line":67,"column":59}},"28":{"start":{"line":68,"column":8},"end":{"line":68,"column":null}},"29":{"start":{"line":71,"column":4},"end":{"line":81,"column":null}},"30":{"start":{"line":72,"column":8},"end":{"line":80,"column":null}},"31":{"start":{"line":73,"column":12},"end":{"line":73,"column":null}},"32":{"start":{"line":75,"column":25},"end":{"line":75,"column":40}},"33":{"start":{"line":76,"column":12},"end":{"line":79,"column":null}},"34":{"start":{"line":77,"column":16},"end":{"line":77,"column":null}},"35":{"start":{"line":79,"column":16},"end":{"line":79,"column":null}},"36":{"start":{"line":83,"column":4},"end":{"line":88,"column":null}},"37":{"start":{"line":83,"column":4},"end":{"line":83,"column":9}},"38":{"start":{"line":84,"column":8},"end":{"line":84,"column":null}},"39":{"start":{"line":85,"column":8},"end":{"line":87,"column":null}},"40":{"start":{"line":86,"column":12},"end":{"line":86,"column":null}},"41":{"start":{"line":90,"column":4},"end":{"line":96,"column":null}},"42":{"start":{"line":93,"column":8},"end":{"line":93,"column":null}},"43":{"start":{"line":94,"column":8},"end":{"line":94,"column":null}},"44":{"start":{"line":95,"column":8},"end":{"line":95,"column":null}},"45":{"start":{"line":98,"column":4},"end":{"line":100,"column":null}},"46":{"start":{"line":99,"column":8},"end":{"line":99,"column":null}},"47":{"start":{"line":102,"column":4},"end":{"line":104,"column":null}},"48":{"start":{"line":103,"column":8},"end":{"line":103,"column":null}},"49":{"start":{"line":106,"column":4},"end":{"line":108,"column":null}},"50":{"start":{"line":107,"column":8},"end":{"line":107,"column":null}},"51":{"start":{"line":110,"column":4},"end":{"line":112,"column":null}},"52":{"start":{"line":111,"column":8},"end":{"line":111,"column":null}},"53":{"start":{"line":114,"column":4},"end":{"line":117,"column":null}},"54":{"start":{"line":115,"column":8},"end":{"line":116,"column":null}},"55":{"start":{"line":116,"column":8},"end":{"line":116,"column":null}},"56":{"start":{"line":119,"column":4},"end":{"line":133,"column":null}},"57":{"start":{"line":119,"column":4},"end":{"line":119,"column":9}},"58":{"start":{"line":121,"column":8},"end":{"line":132,"column":null}},"59":{"start":{"line":122,"column":12},"end":{"line":122,"column":null}},"60":{"start":{"line":123,"column":12},"end":{"line":123,"column":null}},"61":{"start":{"line":125,"column":34},"end":{"line":125,"column":36}},"62":{"start":{"line":126,"column":12},"end":{"line":130,"column":null}},"63":{"start":{"line":127,"column":16},"end":{"line":127,"column":null}},"64":{"start":{"line":128,"column":28},"end":{"line":128,"column":41}},"65":{"start":{"line":129,"column":16},"end":{"line":129,"column":null}},"66":{"start":{"line":131,"column":12},"end":{"line":131,"column":null}},"67":{"start":{"line":134,"column":0},"end":{"line":134,"column":null}},"68":{"start":{"line":1011,"column":26},"end":{"line":1011,"column":31}},"69":{"start":{"line":140,"column":4},"end":{"line":140,"column":null}},"70":{"start":{"line":140,"column":25},"end":{"line":140,"column":null}},"71":{"start":{"line":141,"column":4},"end":{"line":143,"column":27}},"72":{"start":{"line":142,"column":8},"end":{"line":143,"column":27}},"73":{"start":{"line":142,"column":35},"end":{"line":142,"column":null}},"74":{"start":{"line":143,"column":25},"end":{"line":143,"column":27}},"75":{"start":{"line":144,"column":4},"end":{"line":155,"column":null}},"76":{"start":{"line":145,"column":8},"end":{"line":147,"column":null}},"77":{"start":{"line":146,"column":12},"end":{"line":146,"column":null}},"78":{"start":{"line":147,"column":12},"end":{"line":147,"column":31}},"79":{"start":{"line":149,"column":8},"end":{"line":149,"column":null}},"80":{"start":{"line":150,"column":22},"end":{"line":150,"column":24}},"81":{"start":{"line":151,"column":8},"end":{"line":153,"column":null}},"82":{"start":{"line":152,"column":12},"end":{"line":152,"column":null}},"83":{"start":{"line":152,"column":18},"end":{"line":152,"column":null}},"84":{"start":{"line":154,"column":8},"end":{"line":154,"column":null}},"85":{"start":{"line":159,"column":4},"end":{"line":159,"column":null}},"86":{"start":{"line":159,"column":25},"end":{"line":159,"column":null}},"87":{"start":{"line":160,"column":22},"end":{"line":160,"column":24}},"88":{"start":{"line":161,"column":22},"end":{"line":161,"column":24}},"89":{"start":{"line":162,"column":15},"end":{"line":163,"column":26}},"90":{"start":{"line":162,"column":39},"end":{"line":162,"column":null}},"91":{"start":{"line":163,"column":25},"end":{"line":163,"column":27}},"92":{"start":{"line":164,"column":15},"end":{"line":165,"column":26}},"93":{"start":{"line":164,"column":39},"end":{"line":164,"column":null}},"94":{"start":{"line":165,"column":25},"end":{"line":165,"column":27}},"95":{"start":{"line":166,"column":4},"end":{"line":180,"column":null}},"96":{"start":{"line":167,"column":9},"end":{"line":171,"column":null}},"97":{"start":{"line":168,"column":12},"end":{"line":168,"column":null}},"98":{"start":{"line":169,"column":12},"end":{"line":169,"column":null}},"99":{"start":{"line":170,"column":12},"end":{"line":170,"column":null}},"100":{"start":{"line":173,"column":8},"end":{"line":173,"column":54}},"101":{"start":{"line":174,"column":9},"end":{"line":179,"column":null}},"102":{"start":{"line":175,"column":12},"end":{"line":178,"column":null}},"103":{"start":{"line":176,"column":16},"end":{"line":176,"column":null}},"104":{"start":{"line":177,"column":16},"end":{"line":177,"column":null}},"105":{"start":{"line":181,"column":4},"end":{"line":181,"column":null}},"106":{"start":{"line":186,"column":4},"end":{"line":189,"column":null}},"107":{"start":{"line":187,"column":8},"end":{"line":187,"column":null}},"108":{"start":{"line":188,"column":8},"end":{"line":188,"column":14}},"109":{"start":{"line":191,"column":14},"end":{"line":192,"column":26}},"110":{"start":{"line":191,"column":37},"end":{"line":191,"column":null}},"111":{"start":{"line":192,"column":25},"end":{"line":192,"column":27}},"112":{"start":{"line":193,"column":4},"end":{"line":215,"column":null}},"113":{"start":{"line":194,"column":8},"end":{"line":194,"column":43}},"114":{"start":{"line":195,"column":9},"end":{"line":200,"column":null}},"115":{"start":{"line":196,"column":12},"end":{"line":196,"column":null}},"116":{"start":{"line":197,"column":12},"end":{"line":199,"column":null}},"117":{"start":{"line":198,"column":16},"end":{"line":199,"column":null}},"118":{"start":{"line":200,"column":12},"end":{"line":200,"column":32}},"119":{"start":{"line":202,"column":24},"end":{"line":202,"column":25}},"120":{"start":{"line":203,"column":8},"end":{"line":203,"column":null}},"121":{"start":{"line":204,"column":8},"end":{"line":204,"column":null}},"122":{"start":{"line":205,"column":8},"end":{"line":205,"column":null}},"123":{"start":{"line":206,"column":8},"end":{"line":214,"column":null}},"124":{"start":{"line":207,"column":12},"end":{"line":213,"column":null}},"125":{"start":{"line":208,"column":16},"end":{"line":210,"column":null}},"126":{"start":{"line":209,"column":20},"end":{"line":210,"column":null}},"127":{"start":{"line":211,"column":16},"end":{"line":211,"column":null}},"128":{"start":{"line":212,"column":16},"end":{"line":212,"column":null}},"129":{"start":{"line":219,"column":5},"end":{"line":222,"column":null}},"130":{"start":{"line":220,"column":8},"end":{"line":220,"column":null}},"131":{"start":{"line":222,"column":8},"end":{"line":222,"column":null}},"132":{"start":{"line":230,"column":4},"end":{"line":246,"column":null}},"133":{"start":{"line":232,"column":12},"end":{"line":232,"column":null}},"134":{"start":{"line":233,"column":12},"end":{"line":233,"column":17}},"135":{"start":{"line":235,"column":12},"end":{"line":235,"column":null}},"136":{"start":{"line":236,"column":12},"end":{"line":236,"column":17}},"137":{"start":{"line":238,"column":12},"end":{"line":238,"column":null}},"138":{"start":{"line":239,"column":12},"end":{"line":239,"column":17}},"139":{"start":{"line":241,"column":12},"end":{"line":241,"column":null}},"140":{"start":{"line":242,"column":12},"end":{"line":242,"column":17}},"141":{"start":{"line":244,"column":12},"end":{"line":244,"column":null}},"142":{"start":{"line":245,"column":12},"end":{"line":245,"column":17}},"143":{"start":{"line":247,"column":4},"end":{"line":247,"column":null}},"144":{"start":{"line":250,"column":17},"end":{"line":255,"column":1}},"145":{"start":{"line":251,"column":16},"end":{"line":252,"column":37}},"146":{"start":{"line":253,"column":4},"end":{"line":253,"column":null}},"147":{"start":{"line":254,"column":4},"end":{"line":254,"column":null}},"148":{"start":{"line":257,"column":0},"end":{"line":257,"column":null}},"149":{"start":{"line":266,"column":8},"end":{"line":266,"column":null}},"150":{"start":{"line":267,"column":8},"end":{"line":267,"column":null}},"151":{"start":{"line":268,"column":8},"end":{"line":285,"column":null}},"152":{"start":{"line":270,"column":16},"end":{"line":270,"column":null}},"153":{"start":{"line":271,"column":16},"end":{"line":271,"column":null}},"154":{"start":{"line":271,"column":62},"end":{"line":271,"column":64}},"155":{"start":{"line":272,"column":16},"end":{"line":272,"column":21}},"156":{"start":{"line":274,"column":16},"end":{"line":274,"column":null}},"157":{"start":{"line":275,"column":16},"end":{"line":275,"column":null}},"158":{"start":{"line":275,"column":62},"end":{"line":275,"column":64}},"159":{"start":{"line":276,"column":16},"end":{"line":276,"column":21}},"160":{"start":{"line":278,"column":16},"end":{"line":278,"column":null}},"161":{"start":{"line":279,"column":16},"end":{"line":279,"column":null}},"162":{"start":{"line":280,"column":16},"end":{"line":280,"column":21}},"163":{"start":{"line":282,"column":16},"end":{"line":282,"column":null}},"164":{"start":{"line":283,"column":16},"end":{"line":283,"column":null}},"165":{"start":{"line":284,"column":16},"end":{"line":284,"column":null}},"166":{"start":{"line":288,"column":4},"end":{"line":290,"column":null}},"167":{"start":{"line":289,"column":8},"end":{"line":289,"column":null}},"168":{"start":{"line":293,"column":8},"end":{"line":293,"column":null}},"169":{"start":{"line":296,"column":4},"end":{"line":301,"column":null}},"170":{"start":{"line":297,"column":25},"end":{"line":297,"column":55}},"171":{"start":{"line":298,"column":8},"end":{"line":300,"column":null}},"172":{"start":{"line":298,"column":45},"end":{"line":298,"column":58}},"173":{"start":{"line":299,"column":27},"end":{"line":299,"column":35}},"174":{"start":{"line":305,"column":4},"end":{"line":318,"column":null}},"175":{"start":{"line":306,"column":8},"end":{"line":317,"column":null}},"176":{"start":{"line":308,"column":16},"end":{"line":308,"column":null}},"177":{"start":{"line":310,"column":16},"end":{"line":310,"column":null}},"178":{"start":{"line":311,"column":16},"end":{"line":311,"column":null}},"179":{"start":{"line":313,"column":38},"end":{"line":314,"column":66}},"180":{"start":{"line":313,"column":26},"end":{"line":313,"column":27}},"181":{"start":{"line":313,"column":34},"end":{"line":313,"column":38}},"182":{"start":{"line":315,"column":34},"end":{"line":315,"column":68}},"183":{"start":{"line":316,"column":16},"end":{"line":316,"column":null}},"184":{"start":{"line":322,"column":4},"end":{"line":327,"column":null}},"185":{"start":{"line":323,"column":8},"end":{"line":323,"column":null}},"186":{"start":{"line":326,"column":8},"end":{"line":326,"column":null}},"187":{"start":{"line":331,"column":4},"end":{"line":334,"column":null}},"188":{"start":{"line":332,"column":24},"end":{"line":332,"column":48}},"189":{"start":{"line":333,"column":8},"end":{"line":333,"column":null}},"190":{"start":{"line":337,"column":4},"end":{"line":350,"column":null}},"191":{"start":{"line":338,"column":8},"end":{"line":349,"column":null}},"192":{"start":{"line":340,"column":16},"end":{"line":340,"column":null}},"193":{"start":{"line":341,"column":16},"end":{"line":341,"column":null}},"194":{"start":{"line":342,"column":16},"end":{"line":342,"column":21}},"195":{"start":{"line":344,"column":16},"end":{"line":344,"column":null}},"196":{"start":{"line":345,"column":16},"end":{"line":345,"column":null}},"197":{"start":{"line":346,"column":16},"end":{"line":346,"column":21}},"198":{"start":{"line":348,"column":16},"end":{"line":348,"column":null}},"199":{"start":{"line":354,"column":4},"end":{"line":361,"column":null}},"200":{"start":{"line":355,"column":8},"end":{"line":360,"column":null}},"201":{"start":{"line":356,"column":12},"end":{"line":356,"column":null}},"202":{"start":{"line":358,"column":12},"end":{"line":358,"column":null}},"203":{"start":{"line":359,"column":12},"end":{"line":359,"column":null}},"204":{"start":{"line":365,"column":4},"end":{"line":395,"column":null}},"205":{"start":{"line":366,"column":8},"end":{"line":394,"column":null}},"206":{"start":{"line":367,"column":12},"end":{"line":367,"column":null}},"207":{"start":{"line":369,"column":12},"end":{"line":393,"column":null}},"208":{"start":{"line":370,"column":16},"end":{"line":370,"column":null}},"209":{"start":{"line":372,"column":16},"end":{"line":374,"column":null}},"210":{"start":{"line":374,"column":20},"end":{"line":374,"column":null}},"211":{"start":{"line":382,"column":16},"end":{"line":389,"column":null}},"212":{"start":{"line":383,"column":32},"end":{"line":383,"column":56}},"213":{"start":{"line":384,"column":20},"end":{"line":388,"column":null}},"214":{"start":{"line":385,"column":24},"end":{"line":387,"column":null}},"215":{"start":{"line":387,"column":37},"end":{"line":387,"column":51}},"216":{"start":{"line":391,"column":32},"end":{"line":391,"column":56}},"217":{"start":{"line":392,"column":16},"end":{"line":392,"column":null}},"218":{"start":{"line":397,"column":4},"end":{"line":401,"column":null}},"219":{"start":{"line":397,"column":15},"end":{"line":397,"column":null}},"220":{"start":{"line":398,"column":8},"end":{"line":398,"column":null}},"221":{"start":{"line":399,"column":8},"end":{"line":399,"column":null}},"222":{"start":{"line":400,"column":8},"end":{"line":400,"column":null}},"223":{"start":{"line":403,"column":4},"end":{"line":408,"column":null}},"224":{"start":{"line":403,"column":28},"end":{"line":403,"column":null}},"225":{"start":{"line":404,"column":8},"end":{"line":404,"column":null}},"226":{"start":{"line":405,"column":8},"end":{"line":405,"column":null}},"227":{"start":{"line":406,"column":8},"end":{"line":406,"column":null}},"228":{"start":{"line":407,"column":8},"end":{"line":407,"column":null}},"229":{"start":{"line":410,"column":4},"end":{"line":416,"column":null}},"230":{"start":{"line":410,"column":4},"end":{"line":410,"column":8}},"231":{"start":{"line":411,"column":8},"end":{"line":411,"column":null}},"232":{"start":{"line":412,"column":24},"end":{"line":412,"column":51}},"233":{"start":{"line":413,"column":24},"end":{"line":414,"column":55}},"234":{"start":{"line":414,"column":15},"end":{"line":414,"column":55}},"235":{"start":{"line":415,"column":8},"end":{"line":415,"column":null}},"236":{"start":{"line":418,"column":4},"end":{"line":420,"column":null}},"237":{"start":{"line":419,"column":8},"end":{"line":419,"column":null}},"238":{"start":{"line":419,"column":34},"end":{"line":419,"column":58}},"239":{"start":{"line":422,"column":4},"end":{"line":425,"column":null}},"240":{"start":{"line":423,"column":21},"end":{"line":423,"column":33}},"241":{"start":{"line":424,"column":8},"end":{"line":424,"column":null}},"242":{"start":{"line":426,"column":0},"end":{"line":426,"column":null}},"243":{"start":{"line":1011,"column":8},"end":{"line":1011,"column":14}},"244":{"start":{"line":430,"column":0},"end":{"line":430,"column":null}},"245":{"start":{"line":443,"column":8},"end":{"line":448,"column":null}},"246":{"start":{"line":444,"column":12},"end":{"line":444,"column":null}},"247":{"start":{"line":445,"column":26},"end":{"line":445,"column":43}},"248":{"start":{"line":446,"column":12},"end":{"line":446,"column":null}},"249":{"start":{"line":446,"column":31},"end":{"line":446,"column":68}},"250":{"start":{"line":446,"column":46},"end":{"line":446,"column":67}},"251":{"start":{"line":447,"column":12},"end":{"line":447,"column":null}},"252":{"start":{"line":449,"column":8},"end":{"line":449,"column":null}},"253":{"start":{"line":451,"column":8},"end":{"line":452,"column":null}},"254":{"start":{"line":452,"column":12},"end":{"line":452,"column":null}},"255":{"start":{"line":453,"column":8},"end":{"line":454,"column":null}},"256":{"start":{"line":454,"column":12},"end":{"line":454,"column":null}},"257":{"start":{"line":454,"column":40},"end":{"line":454,"column":42}},"258":{"start":{"line":455,"column":8},"end":{"line":456,"column":null}},"259":{"start":{"line":456,"column":12},"end":{"line":456,"column":null}},"260":{"start":{"line":456,"column":35},"end":{"line":456,"column":37}},"261":{"start":{"line":458,"column":8},"end":{"line":459,"column":null}},"262":{"start":{"line":460,"column":8},"end":{"line":461,"column":null}},"263":{"start":{"line":462,"column":8},"end":{"line":462,"column":null}},"264":{"start":{"line":464,"column":8},"end":{"line":464,"column":null}},"265":{"start":{"line":465,"column":8},"end":{"line":466,"column":null}},"266":{"start":{"line":466,"column":12},"end":{"line":466,"column":null}},"267":{"start":{"line":467,"column":8},"end":{"line":467,"column":null}},"268":{"start":{"line":469,"column":8},"end":{"line":476,"column":null}},"269":{"start":{"line":470,"column":12},"end":{"line":470,"column":43}},"270":{"start":{"line":472,"column":12},"end":{"line":474,"column":null}},"271":{"start":{"line":474,"column":24},"end":{"line":474,"column":27}},"272":{"start":{"line":475,"column":12},"end":{"line":475,"column":null}},"273":{"start":{"line":480,"column":4},"end":{"line":480,"column":null}},"274":{"start":{"line":480,"column":27},"end":{"line":480,"column":93}},"275":{"start":{"line":480,"column":62},"end":{"line":480,"column":92}},"276":{"start":{"line":480,"column":77},"end":{"line":480,"column":91}},"277":{"start":{"line":481,"column":4},"end":{"line":486,"column":null}},"278":{"start":{"line":482,"column":8},"end":{"line":485,"column":null}},"279":{"start":{"line":483,"column":12},"end":{"line":483,"column":null}},"280":{"start":{"line":485,"column":12},"end":{"line":485,"column":null}},"281":{"start":{"line":488,"column":4},"end":{"line":490,"column":null}},"282":{"start":{"line":489,"column":8},"end":{"line":489,"column":null}},"283":{"start":{"line":496,"column":8},"end":{"line":496,"column":null}},"284":{"start":{"line":491,"column":4},"end":{"line":493,"column":null}},"285":{"start":{"line":492,"column":8},"end":{"line":492,"column":null}},"286":{"start":{"line":499,"column":8},"end":{"line":499,"column":null}},"287":{"start":{"line":504,"column":4},"end":{"line":517,"column":null}},"288":{"start":{"line":504,"column":4},"end":{"line":504,"column":6}},"289":{"start":{"line":505,"column":31},"end":{"line":505,"column":33}},"290":{"start":{"line":506,"column":23},"end":{"line":506,"column":65}},"291":{"start":{"line":507,"column":8},"end":{"line":507,"column":null}},"292":{"start":{"line":507,"column":58},"end":{"line":507,"column":71}},"293":{"start":{"line":509,"column":24},"end":{"line":514,"column":10}},"294":{"start":{"line":510,"column":33},"end":{"line":510,"column":35}},"295":{"start":{"line":511,"column":12},"end":{"line":511,"column":null}},"296":{"start":{"line":512,"column":12},"end":{"line":512,"column":null}},"297":{"start":{"line":512,"column":42},"end":{"line":512,"column":60}},"298":{"start":{"line":513,"column":12},"end":{"line":513,"column":null}},"299":{"start":{"line":515,"column":8},"end":{"line":515,"column":null}},"300":{"start":{"line":516,"column":8},"end":{"line":516,"column":null}},"301":{"start":{"line":519,"column":4},"end":{"line":524,"column":null}},"302":{"start":{"line":520,"column":22},"end":{"line":520,"column":63}},"303":{"start":{"line":521,"column":19},"end":{"line":521,"column":59}},"304":{"start":{"line":522,"column":8},"end":{"line":522,"column":null}},"305":{"start":{"line":523,"column":8},"end":{"line":523,"column":null}},"306":{"start":{"line":527,"column":4},"end":{"line":537,"column":null}},"307":{"start":{"line":527,"column":14},"end":{"line":527,"column":null}},"308":{"start":{"line":528,"column":8},"end":{"line":536,"column":null}},"309":{"start":{"line":529,"column":12},"end":{"line":529,"column":36}},"310":{"start":{"line":530,"column":12},"end":{"line":530,"column":44}},"311":{"start":{"line":531,"column":12},"end":{"line":531,"column":40}},"312":{"start":{"line":532,"column":12},"end":{"line":532,"column":null}},"313":{"start":{"line":534,"column":12},"end":{"line":535,"column":null}},"314":{"start":{"line":540,"column":4},"end":{"line":569,"column":null}},"315":{"start":{"line":543,"column":8},"end":{"line":568,"column":null}},"316":{"start":{"line":545,"column":16},"end":{"line":545,"column":null}},"317":{"start":{"line":546,"column":28},"end":{"line":546,"column":40}},"318":{"start":{"line":547,"column":16},"end":{"line":547,"column":null}},"319":{"start":{"line":549,"column":18},"end":{"line":549,"column":null}},"320":{"start":{"line":550,"column":28},"end":{"line":550,"column":54}},"321":{"start":{"line":551,"column":28},"end":{"line":551,"column":40}},"322":{"start":{"line":552,"column":28},"end":{"line":552,"column":35}},"323":{"start":{"line":554,"column":20},"end":{"line":554,"column":47}},"324":{"start":{"line":553,"column":30},"end":{"line":553,"column":31}},"325":{"start":{"line":553,"column":38},"end":{"line":553,"column":null}},"326":{"start":{"line":555,"column":36},"end":{"line":555,"column":62}},"327":{"start":{"line":556,"column":16},"end":{"line":556,"column":75}},"328":{"start":{"line":558,"column":30},"end":{"line":558,"column":56}},"329":{"start":{"line":560,"column":20},"end":{"line":560,"column":46}},"330":{"start":{"line":559,"column":30},"end":{"line":559,"column":31}},"331":{"start":{"line":559,"column":38},"end":{"line":559,"column":null}},"332":{"start":{"line":561,"column":33},"end":{"line":561,"column":59}},"333":{"start":{"line":562,"column":33},"end":{"line":562,"column":40}},"334":{"start":{"line":563,"column":28},"end":{"line":564,"column":38}},"335":{"start":{"line":565,"column":16},"end":{"line":565,"column":60}},"336":{"start":{"line":567,"column":16},"end":{"line":567,"column":null}},"337":{"start":{"line":571,"column":4},"end":{"line":598,"column":null}},"338":{"start":{"line":572,"column":8},"end":{"line":597,"column":null}},"339":{"start":{"line":574,"column":29},"end":{"line":574,"column":55}},"340":{"start":{"line":574,"column":49},"end":{"line":574,"column":55}},"341":{"start":{"line":575,"column":16},"end":{"line":575,"column":null}},"342":{"start":{"line":577,"column":16},"end":{"line":577,"column":null}},"343":{"start":{"line":578,"column":16},"end":{"line":578,"column":null}},"344":{"start":{"line":579,"column":16},"end":{"line":579,"column":null}},"345":{"start":{"line":581,"column":28},"end":{"line":581,"column":54}},"346":{"start":{"line":582,"column":28},"end":{"line":582,"column":54}},"347":{"start":{"line":584,"column":33},"end":{"line":585,"column":31}},"348":{"start":{"line":585,"column":29},"end":{"line":585,"column":31}},"349":{"start":{"line":586,"column":35},"end":{"line":587,"column":42}},"350":{"start":{"line":587,"column":25},"end":{"line":587,"column":42}},"351":{"start":{"line":588,"column":36},"end":{"line":590,"column":36}},"352":{"start":{"line":591,"column":38},"end":{"line":593,"column":38}},"353":{"start":{"line":594,"column":16},"end":{"line":594,"column":null}},"354":{"start":{"line":596,"column":16},"end":{"line":596,"column":null}},"355":{"start":{"line":601,"column":4},"end":{"line":624,"column":null}},"356":{"start":{"line":604,"column":8},"end":{"line":604,"column":null}},"357":{"start":{"line":604,"column":25},"end":{"line":604,"column":null}},"358":{"start":{"line":605,"column":8},"end":{"line":605,"column":null}},"359":{"start":{"line":605,"column":25},"end":{"line":605,"column":null}},"360":{"start":{"line":606,"column":8},"end":{"line":606,"column":null}},"361":{"start":{"line":607,"column":8},"end":{"line":607,"column":null}},"362":{"start":{"line":610,"column":8},"end":{"line":610,"column":null}},"363":{"start":{"line":612,"column":8},"end":{"line":612,"column":null}},"364":{"start":{"line":612,"column":25},"end":{"line":612,"column":null}},"365":{"start":{"line":614,"column":8},"end":{"line":622,"column":null}},"366":{"start":{"line":615,"column":12},"end":{"line":615,"column":null}},"367":{"start":{"line":617,"column":12},"end":{"line":617,"column":null}},"368":{"start":{"line":617,"column":29},"end":{"line":617,"column":null}},"369":{"start":{"line":619,"column":12},"end":{"line":619,"column":null}},"370":{"start":{"line":621,"column":12},"end":{"line":621,"column":null}},"371":{"start":{"line":621,"column":29},"end":{"line":621,"column":null}},"372":{"start":{"line":623,"column":8},"end":{"line":623,"column":null}},"373":{"start":{"line":626,"column":4},"end":{"line":635,"column":null}},"374":{"start":{"line":627,"column":8},"end":{"line":627,"column":null}},"375":{"start":{"line":627,"column":25},"end":{"line":627,"column":null}},"376":{"start":{"line":628,"column":8},"end":{"line":628,"column":null}},"377":{"start":{"line":628,"column":25},"end":{"line":628,"column":null}},"378":{"start":{"line":629,"column":8},"end":{"line":629,"column":null}},"379":{"start":{"line":630,"column":8},"end":{"line":630,"column":null}},"380":{"start":{"line":632,"column":24},"end":{"line":632,"column":47}},"381":{"start":{"line":633,"column":24},"end":{"line":633,"column":49}},"382":{"start":{"line":634,"column":8},"end":{"line":634,"column":null}},"383":{"start":{"line":638,"column":4},"end":{"line":660,"column":null}},"384":{"start":{"line":641,"column":8},"end":{"line":659,"column":null}},"385":{"start":{"line":643,"column":16},"end":{"line":643,"column":null}},"386":{"start":{"line":644,"column":16},"end":{"line":644,"column":null}},"387":{"start":{"line":645,"column":16},"end":{"line":645,"column":null}},"388":{"start":{"line":646,"column":16},"end":{"line":646,"column":21}},"389":{"start":{"line":648,"column":18},"end":{"line":648,"column":null}},"390":{"start":{"line":649,"column":16},"end":{"line":649,"column":null}},"391":{"start":{"line":650,"column":28},"end":{"line":650,"column":54}},"392":{"start":{"line":651,"column":28},"end":{"line":651,"column":44}},"393":{"start":{"line":652,"column":16},"end":{"line":652,"column":45}},"394":{"start":{"line":653,"column":16},"end":{"line":653,"column":21}},"395":{"start":{"line":655,"column":16},"end":{"line":655,"column":null}},"396":{"start":{"line":656,"column":16},"end":{"line":656,"column":21}},"397":{"start":{"line":658,"column":16},"end":{"line":658,"column":null}},"398":{"start":{"line":662,"column":4},"end":{"line":687,"column":null}},"399":{"start":{"line":663,"column":8},"end":{"line":686,"column":null}},"400":{"start":{"line":665,"column":16},"end":{"line":665,"column":null}},"401":{"start":{"line":666,"column":16},"end":{"line":666,"column":null}},"402":{"start":{"line":667,"column":16},"end":{"line":667,"column":null}},"403":{"start":{"line":668,"column":16},"end":{"line":668,"column":21}},"404":{"start":{"line":670,"column":16},"end":{"line":670,"column":null}},"405":{"start":{"line":671,"column":16},"end":{"line":671,"column":null}},"406":{"start":{"line":672,"column":16},"end":{"line":672,"column":null}},"407":{"start":{"line":673,"column":16},"end":{"line":673,"column":null}},"408":{"start":{"line":674,"column":16},"end":{"line":674,"column":21}},"409":{"start":{"line":676,"column":32},"end":{"line":678,"column":31}},"410":{"start":{"line":678,"column":29},"end":{"line":678,"column":31}},"411":{"start":{"line":679,"column":16},"end":{"line":681,"column":null}},"412":{"start":{"line":680,"column":20},"end":{"line":680,"column":null}},"413":{"start":{"line":682,"column":16},"end":{"line":682,"column":null}},"414":{"start":{"line":683,"column":16},"end":{"line":683,"column":21}},"415":{"start":{"line":685,"column":16},"end":{"line":685,"column":null}},"416":{"start":{"line":689,"column":4},"end":{"line":705,"column":null}},"417":{"start":{"line":691,"column":8},"end":{"line":691,"column":null}},"418":{"start":{"line":692,"column":8},"end":{"line":703,"column":null}},"419":{"start":{"line":693,"column":12},"end":{"line":693,"column":null}},"420":{"start":{"line":694,"column":12},"end":{"line":702,"column":null}},"421":{"start":{"line":695,"column":16},"end":{"line":695,"column":null}},"422":{"start":{"line":697,"column":16},"end":{"line":697,"column":null}},"423":{"start":{"line":697,"column":36},"end":{"line":697,"column":null}},"424":{"start":{"line":699,"column":16},"end":{"line":699,"column":null}},"425":{"start":{"line":699,"column":52},"end":{"line":699,"column":null}},"426":{"start":{"line":700,"column":16},"end":{"line":700,"column":null}},"427":{"start":{"line":701,"column":16},"end":{"line":701,"column":null}},"428":{"start":{"line":701,"column":36},"end":{"line":701,"column":null}},"429":{"start":{"line":704,"column":8},"end":{"line":704,"column":null}},"430":{"start":{"line":704,"column":23},"end":{"line":704,"column":null}},"431":{"start":{"line":710,"column":4},"end":{"line":721,"column":null}},"432":{"start":{"line":711,"column":8},"end":{"line":720,"column":null}},"433":{"start":{"line":712,"column":12},"end":{"line":712,"column":null}},"434":{"start":{"line":713,"column":14},"end":{"line":720,"column":null}},"435":{"start":{"line":714,"column":12},"end":{"line":714,"column":null}},"436":{"start":{"line":714,"column":31},"end":{"line":714,"column":null}},"437":{"start":{"line":715,"column":12},"end":{"line":715,"column":null}},"438":{"start":{"line":717,"column":12},"end":{"line":717,"column":null}},"439":{"start":{"line":717,"column":31},"end":{"line":717,"column":null}},"440":{"start":{"line":718,"column":12},"end":{"line":718,"column":null}},"441":{"start":{"line":718,"column":32},"end":{"line":718,"column":null}},"442":{"start":{"line":719,"column":12},"end":{"line":719,"column":null}},"443":{"start":{"line":740,"column":4},"end":{"line":767,"column":null}},"444":{"start":{"line":741,"column":8},"end":{"line":766,"column":null}},"445":{"start":{"line":742,"column":12},"end":{"line":742,"column":null}},"446":{"start":{"line":743,"column":14},"end":{"line":766,"column":null}},"447":{"start":{"line":744,"column":12},"end":{"line":744,"column":null}},"448":{"start":{"line":744,"column":31},"end":{"line":744,"column":null}},"449":{"start":{"line":745,"column":12},"end":{"line":752,"column":null}},"450":{"start":{"line":747,"column":16},"end":{"line":747,"column":null}},"451":{"start":{"line":750,"column":32},"end":{"line":750,"column":57}},"452":{"start":{"line":751,"column":16},"end":{"line":751,"column":null}},"453":{"start":{"line":754,"column":12},"end":{"line":754,"column":null}},"454":{"start":{"line":754,"column":31},"end":{"line":754,"column":null}},"455":{"start":{"line":755,"column":12},"end":{"line":755,"column":null}},"456":{"start":{"line":755,"column":32},"end":{"line":755,"column":null}},"457":{"start":{"line":756,"column":12},"end":{"line":765,"column":null}},"458":{"start":{"line":758,"column":16},"end":{"line":758,"column":null}},"459":{"start":{"line":762,"column":32},"end":{"line":762,"column":57}},"460":{"start":{"line":763,"column":32},"end":{"line":763,"column":60}},"461":{"start":{"line":764,"column":16},"end":{"line":764,"column":null}},"462":{"start":{"line":769,"column":4},"end":{"line":774,"column":null}},"463":{"start":{"line":771,"column":8},"end":{"line":771,"column":null}},"464":{"start":{"line":772,"column":8},"end":{"line":772,"column":null}},"465":{"start":{"line":773,"column":8},"end":{"line":773,"column":null}},"466":{"start":{"line":776,"column":4},"end":{"line":794,"column":null}},"467":{"start":{"line":776,"column":17},"end":{"line":776,"column":39}},"468":{"start":{"line":776,"column":39},"end":{"line":776,"column":null}},"469":{"start":{"line":777,"column":8},"end":{"line":793,"column":null}},"470":{"start":{"line":778,"column":12},"end":{"line":778,"column":null}},"471":{"start":{"line":779,"column":12},"end":{"line":779,"column":null}},"472":{"start":{"line":780,"column":12},"end":{"line":780,"column":null}},"473":{"start":{"line":781,"column":12},"end":{"line":781,"column":null}},"474":{"start":{"line":782,"column":12},"end":{"line":784,"column":null}},"475":{"start":{"line":783,"column":16},"end":{"line":783,"column":null}},"476":{"start":{"line":786,"column":12},"end":{"line":786,"column":null}},"477":{"start":{"line":787,"column":12},"end":{"line":787,"column":null}},"478":{"start":{"line":788,"column":12},"end":{"line":788,"column":null}},"479":{"start":{"line":789,"column":12},"end":{"line":789,"column":null}},"480":{"start":{"line":790,"column":12},"end":{"line":792,"column":null}},"481":{"start":{"line":791,"column":16},"end":{"line":791,"column":null}},"482":{"start":{"line":796,"column":4},"end":{"line":810,"column":null}},"483":{"start":{"line":796,"column":30},"end":{"line":796,"column":52}},"484":{"start":{"line":796,"column":52},"end":{"line":796,"column":null}},"485":{"start":{"line":797,"column":8},"end":{"line":809,"column":null}},"486":{"start":{"line":798,"column":12},"end":{"line":798,"column":null}},"487":{"start":{"line":799,"column":12},"end":{"line":800,"column":null}},"488":{"start":{"line":801,"column":12},"end":{"line":801,"column":null}},"489":{"start":{"line":802,"column":12},"end":{"line":802,"column":null}},"490":{"start":{"line":804,"column":12},"end":{"line":804,"column":null}},"491":{"start":{"line":805,"column":12},"end":{"line":806,"column":null}},"492":{"start":{"line":807,"column":12},"end":{"line":807,"column":null}},"493":{"start":{"line":808,"column":12},"end":{"line":808,"column":null}},"494":{"start":{"line":812,"column":4},"end":{"line":824,"column":null}},"495":{"start":{"line":812,"column":4},"end":{"line":812,"column":8}},"496":{"start":{"line":812,"column":20},"end":{"line":812,"column":null}},"497":{"start":{"line":813,"column":8},"end":{"line":813,"column":null}},"498":{"start":{"line":814,"column":24},"end":{"line":814,"column":51}},"499":{"start":{"line":815,"column":8},"end":{"line":823,"column":null}},"500":{"start":{"line":816,"column":28},"end":{"line":817,"column":59}},"501":{"start":{"line":817,"column":19},"end":{"line":817,"column":59}},"502":{"start":{"line":818,"column":12},"end":{"line":818,"column":null}},"503":{"start":{"line":820,"column":28},"end":{"line":821,"column":61}},"504":{"start":{"line":821,"column":19},"end":{"line":821,"column":61}},"505":{"start":{"line":822,"column":12},"end":{"line":822,"column":null}},"506":{"start":{"line":826,"column":4},"end":{"line":836,"column":null}},"507":{"start":{"line":827,"column":19},"end":{"line":828,"column":30}},"508":{"start":{"line":829,"column":20},"end":{"line":829,"column":37}},"509":{"start":{"line":830,"column":8},"end":{"line":830,"column":null}},"510":{"start":{"line":834,"column":8},"end":{"line":834,"column":null}},"511":{"start":{"line":835,"column":8},"end":{"line":835,"column":null}},"512":{"start":{"line":838,"column":4},"end":{"line":848,"column":null}},"513":{"start":{"line":839,"column":19},"end":{"line":840,"column":28}},"514":{"start":{"line":841,"column":20},"end":{"line":841,"column":39}},"515":{"start":{"line":842,"column":8},"end":{"line":842,"column":null}},"516":{"start":{"line":846,"column":8},"end":{"line":846,"column":null}},"517":{"start":{"line":847,"column":8},"end":{"line":847,"column":null}},"518":{"start":{"line":850,"column":4},"end":{"line":863,"column":null}},"519":{"start":{"line":850,"column":12},"end":{"line":850,"column":null}},"520":{"start":{"line":852,"column":25},"end":{"line":852,"column":58}},"521":{"start":{"line":853,"column":22},"end":{"line":853,"column":59}},"522":{"start":{"line":854,"column":8},"end":{"line":855,"column":null}},"523":{"start":{"line":855,"column":12},"end":{"line":855,"column":null}},"524":{"start":{"line":856,"column":8},"end":{"line":862,"column":null}},"525":{"start":{"line":857,"column":29},"end":{"line":857,"column":31}},"526":{"start":{"line":858,"column":12},"end":{"line":860,"column":null}},"527":{"start":{"line":859,"column":16},"end":{"line":859,"column":null}},"528":{"start":{"line":861,"column":12},"end":{"line":861,"column":null}},"529":{"start":{"line":865,"column":4},"end":{"line":926,"column":null}},"530":{"start":{"line":865,"column":18},"end":{"line":865,"column":null}},"531":{"start":{"line":867,"column":29},"end":{"line":867,"column":31}},"532":{"start":{"line":868,"column":8},"end":{"line":873,"column":null}},"533":{"start":{"line":869,"column":23},"end":{"line":869,"column":30}},"534":{"start":{"line":870,"column":12},"end":{"line":872,"column":null}},"535":{"start":{"line":871,"column":16},"end":{"line":871,"column":null}},"536":{"start":{"line":874,"column":8},"end":{"line":874,"column":null}},"537":{"start":{"line":876,"column":39},"end":{"line":876,"column":41}},"538":{"start":{"line":877,"column":27},"end":{"line":877,"column":31}},"539":{"start":{"line":878,"column":8},"end":{"line":902,"column":null}},"540":{"start":{"line":879,"column":26},"end":{"line":879,"column":34}},"541":{"start":{"line":880,"column":24},"end":{"line":880,"column":34}},"542":{"start":{"line":882,"column":28},"end":{"line":882,"column":51}},"543":{"start":{"line":883,"column":27},"end":{"line":883,"column":50}},"544":{"start":{"line":884,"column":39},"end":{"line":884,"column":52}},"545":{"start":{"line":888,"column":36},"end":{"line":888,"column":68}},"546":{"start":{"line":889,"column":36},"end":{"line":889,"column":68}},"547":{"start":{"line":890,"column":32},"end":{"line":891,"column":49}},"548":{"start":{"line":892,"column":12},"end":{"line":893,"column":22}},"549":{"start":{"line":893,"column":16},"end":{"line":893,"column":22}},"550":{"start":{"line":896,"column":12},"end":{"line":897,"column":null}},"551":{"start":{"line":897,"column":16},"end":{"line":897,"column":null}},"552":{"start":{"line":899,"column":12},"end":{"line":900,"column":null}},"553":{"start":{"line":901,"column":12},"end":{"line":901,"column":null}},"554":{"start":{"line":903,"column":8},"end":{"line":903,"column":null}},"555":{"start":{"line":906,"column":22},"end":{"line":906,"column":60}},"556":{"start":{"line":907,"column":21},"end":{"line":907,"column":55}},"557":{"start":{"line":909,"column":24},"end":{"line":914,"column":10}},"558":{"start":{"line":910,"column":28},"end":{"line":910,"column":42}},"559":{"start":{"line":912,"column":24},"end":{"line":912,"column":92}},"560":{"start":{"line":913,"column":12},"end":{"line":913,"column":null}},"561":{"start":{"line":916,"column":8},"end":{"line":922,"column":null}},"562":{"start":{"line":917,"column":24},"end":{"line":917,"column":34}},"563":{"start":{"line":918,"column":28},"end":{"line":919,"column":45}},"564":{"start":{"line":920,"column":24},"end":{"line":920,"column":35}},"565":{"start":{"line":921,"column":12},"end":{"line":921,"column":null}},"566":{"start":{"line":923,"column":21},"end":{"line":923,"column":57}},"567":{"start":{"line":923,"column":33},"end":{"line":923,"column":57}},"568":{"start":{"line":924,"column":8},"end":{"line":924,"column":null}},"569":{"start":{"line":930,"column":4},"end":{"line":948,"column":null}},"570":{"start":{"line":931,"column":39},"end":{"line":931,"column":43}},"571":{"start":{"line":932,"column":39},"end":{"line":932,"column":43}},"572":{"start":{"line":933,"column":8},"end":{"line":946,"column":null}},"573":{"start":{"line":935,"column":16},"end":{"line":935,"column":null}},"574":{"start":{"line":936,"column":16},"end":{"line":936,"column":21}},"575":{"start":{"line":938,"column":16},"end":{"line":938,"column":null}},"576":{"start":{"line":939,"column":16},"end":{"line":939,"column":21}},"577":{"start":{"line":941,"column":16},"end":{"line":941,"column":null}},"578":{"start":{"line":942,"column":16},"end":{"line":942,"column":21}},"579":{"start":{"line":944,"column":16},"end":{"line":944,"column":null}},"580":{"start":{"line":945,"column":16},"end":{"line":945,"column":null}},"581":{"start":{"line":947,"column":8},"end":{"line":947,"column":null}},"582":{"start":{"line":950,"column":4},"end":{"line":956,"column":null}},"583":{"start":{"line":950,"column":4},"end":{"line":950,"column":12}},"584":{"start":{"line":952,"column":12},"end":{"line":955,"column":null}},"585":{"start":{"line":953,"column":28},"end":{"line":953,"column":53}},"586":{"start":{"line":954,"column":16},"end":{"line":954,"column":null}},"587":{"start":{"line":958,"column":4},"end":{"line":964,"column":null}},"588":{"start":{"line":958,"column":4},"end":{"line":958,"column":12}},"589":{"start":{"line":960,"column":12},"end":{"line":963,"column":null}},"590":{"start":{"line":961,"column":28},"end":{"line":961,"column":58}},"591":{"start":{"line":962,"column":16},"end":{"line":962,"column":null}},"592":{"start":{"line":970,"column":4},"end":{"line":978,"column":null}},"593":{"start":{"line":971,"column":8},"end":{"line":977,"column":null}},"594":{"start":{"line":972,"column":12},"end":{"line":972,"column":null}},"595":{"start":{"line":973,"column":14},"end":{"line":977,"column":null}},"596":{"start":{"line":974,"column":12},"end":{"line":974,"column":null}},"597":{"start":{"line":976,"column":12},"end":{"line":976,"column":null}},"598":{"start":{"line":980,"column":4},"end":{"line":1007,"column":null}},"599":{"start":{"line":980,"column":29},"end":{"line":980,"column":null}},"600":{"start":{"line":981,"column":22},"end":{"line":981,"column":60}},"601":{"start":{"line":982,"column":21},"end":{"line":982,"column":63}},"602":{"start":{"line":983,"column":23},"end":{"line":983,"column":61}},"603":{"start":{"line":985,"column":24},"end":{"line":985,"column":26}},"604":{"start":{"line":986,"column":8},"end":{"line":1004,"column":null}},"605":{"start":{"line":987,"column":12},"end":{"line":993,"column":null}},"606":{"start":{"line":988,"column":29},"end":{"line":988,"column":32}},"607":{"start":{"line":989,"column":28},"end":{"line":989,"column":48}},"608":{"start":{"line":990,"column":16},"end":{"line":991,"column":null}},"609":{"start":{"line":991,"column":20},"end":{"line":991,"column":null}},"610":{"start":{"line":992,"column":16},"end":{"line":992,"column":null}},"611":{"start":{"line":995,"column":12},"end":{"line":995,"column":null}},"612":{"start":{"line":996,"column":24},"end":{"line":996,"column":55}},"613":{"start":{"line":997,"column":12},"end":{"line":1003,"column":null}},"614":{"start":{"line":998,"column":29},"end":{"line":998,"column":48}},"615":{"start":{"line":999,"column":28},"end":{"line":999,"column":48}},"616":{"start":{"line":1000,"column":16},"end":{"line":1001,"column":null}},"617":{"start":{"line":1001,"column":20},"end":{"line":1001,"column":null}},"618":{"start":{"line":1002,"column":16},"end":{"line":1002,"column":null}},"619":{"start":{"line":1005,"column":21},"end":{"line":1005,"column":54}},"620":{"start":{"line":1006,"column":8},"end":{"line":1006,"column":null}},"621":{"start":{"line":1009,"column":0},"end":{"line":1009,"column":null}},"622":{"start":{"line":1011,"column":16},"end":{"line":1011,"column":25}}},"fnMap":{"0":{"name":"(anonymous_0)","decl":{"start":{"line":1011,"column":32},"end":{"line":1011,"column":37}},"loc":{"start":{"line":1011,"column":32},"end":{"line":2,"column":51}}},"1":{"name":"cp","decl":{"start":{"line":22,"column":9},"end":{"line":22,"column":11}},"loc":{"start":{"line":22,"column":22},"end":{"line":24,"column":1}}},"2":{"name":"(anonymous_2)","decl":{"start":{"line":26,"column":0},"end":{"line":26,"column":null}},"loc":{"start":{"line":26,"column":0},"end":{"line":134,"column":null}}},"3":{"name":"Index","decl":{"start":{"line":32,"column":4},"end":{"line":32,"column":16}},"loc":{"start":{"line":32,"column":51},"end":{"line":35,"column":5}}},"4":{"name":"(anonymous_4)","decl":{"start":{"line":37,"column":4},"end":{"line":37,"column":8}},"loc":{"start":{"line":37,"column":4},"end":{"line":39,"column":5}}},"5":{"name":"(anonymous_5)","decl":{"start":{"line":40,"column":4},"end":{"line":40,"column":15}},"loc":{"start":{"line":40,"column":26},"end":{"line":61,"column":5}}},"6":{"name":"(anonymous_6)","decl":{"start":{"line":44,"column":15},"end":{"line":44,"column":16}},"loc":{"start":{"line":44,"column":26},"end":{"line":57,"column":13}}},"7":{"name":"(anonymous_7)","decl":{"start":{"line":63,"column":4},"end":{"line":63,"column":5}},"loc":{"start":{"line":63,"column":4},"end":{"line":69,"column":5}}},"8":{"name":"(anonymous_8)","decl":{"start":{"line":71,"column":4},"end":{"line":71,"column":8}},"loc":{"start":{"line":71,"column":33},"end":{"line":81,"column":5}}},"9":{"name":"(anonymous_9)","decl":{"start":{"line":83,"column":4},"end":{"line":83,"column":9}},"loc":{"start":{"line":83,"column":4},"end":{"line":88,"column":5}}},"10":{"name":"(anonymous_10)","decl":{"start":{"line":85,"column":28},"end":{"line":85,"column":29}},"loc":{"start":{"line":85,"column":32},"end":{"line":87,"column":9}}},"11":{"name":"(anonymous_11)","decl":{"start":{"line":90,"column":4},"end":{"line":90,"column":10}},"loc":{"start":{"line":90,"column":39},"end":{"line":96,"column":5}}},"12":{"name":"(anonymous_12)","decl":{"start":{"line":98,"column":4},"end":{"line":98,"column":6}},"loc":{"start":{"line":98,"column":4},"end":{"line":100,"column":5}}},"13":{"name":"(anonymous_13)","decl":{"start":{"line":102,"column":4},"end":{"line":102,"column":7}},"loc":{"start":{"line":102,"column":26},"end":{"line":104,"column":5}}},"14":{"name":"(anonymous_14)","decl":{"start":{"line":106,"column":4},"end":{"line":106,"column":10}},"loc":{"start":{"line":106,"column":4},"end":{"line":108,"column":5}}},"15":{"name":"(anonymous_15)","decl":{"start":{"line":110,"column":4},"end":{"line":110,"column":13}},"loc":{"start":{"line":110,"column":4},"end":{"line":112,"column":5}}},"16":{"name":"(anonymous_16)","decl":{"start":{"line":114,"column":4},"end":{"line":114,"column":9}},"loc":{"start":{"line":114,"column":28},"end":{"line":117,"column":5}}},"17":{"name":"(anonymous_17)","decl":{"start":{"line":119,"column":4},"end":{"line":119,"column":9}},"loc":{"start":{"line":119,"column":20},"end":{"line":133,"column":5}}},"18":{"name":"(anonymous_18)","decl":{"start":{"line":126,"column":26},"end":{"line":126,"column":27}},"loc":{"start":{"line":126,"column":27},"end":{"line":130,"column":13}}},"19":{"name":"vec_loc","decl":{"start":{"line":138,"column":9},"end":{"line":138,"column":16}},"loc":{"start":{"line":139,"column":15},"end":{"line":156,"column":1}}},"20":{"name":"(anonymous_20)","decl":{"start":{"line":142,"column":28},"end":{"line":142,"column":29}},"loc":{"start":{"line":142,"column":32},"end":{"line":142,"column":37}}},"21":{"name":"(anonymous_21)","decl":{"start":{"line":143,"column":18},"end":{"line":143,"column":19}},"loc":{"start":{"line":143,"column":22},"end":{"line":143,"column":26}}},"22":{"name":"(anonymous_22)","decl":{"start":{"line":145,"column":37},"end":{"line":145,"column":38}},"loc":{"start":{"line":145,"column":38},"end":{"line":147,"column":32}}},"23":{"name":"(anonymous_23)","decl":{"start":{"line":151,"column":20},"end":{"line":151,"column":21}},"loc":{"start":{"line":151,"column":24},"end":{"line":153,"column":9}}},"24":{"name":"vec_loc2","decl":{"start":{"line":158,"column":9},"end":{"line":158,"column":17}},"loc":{"start":{"line":158,"column":68},"end":{"line":183,"column":1}}},"25":{"name":"(anonymous_25)","decl":{"start":{"line":162,"column":32},"end":{"line":162,"column":33}},"loc":{"start":{"line":162,"column":36},"end":{"line":162,"column":41}}},"26":{"name":"(anonymous_26)","decl":{"start":{"line":163,"column":18},"end":{"line":163,"column":19}},"loc":{"start":{"line":163,"column":22},"end":{"line":163,"column":26}}},"27":{"name":"(anonymous_27)","decl":{"start":{"line":164,"column":32},"end":{"line":164,"column":33}},"loc":{"start":{"line":164,"column":36},"end":{"line":164,"column":41}}},"28":{"name":"(anonymous_28)","decl":{"start":{"line":165,"column":18},"end":{"line":165,"column":19}},"loc":{"start":{"line":165,"column":22},"end":{"line":165,"column":26}}},"29":{"name":"(anonymous_29)","decl":{"start":{"line":167,"column":34},"end":{"line":167,"column":35}},"loc":{"start":{"line":167,"column":35},"end":{"line":171,"column":9}}},"30":{"name":"(anonymous_30)","decl":{"start":{"line":174,"column":35},"end":{"line":174,"column":36}},"loc":{"start":{"line":174,"column":41},"end":{"line":179,"column":9}}},"31":{"name":"vec_set","decl":{"start":{"line":185,"column":9},"end":{"line":185,"column":16}},"loc":{"start":{"line":185,"column":64},"end":{"line":216,"column":1}}},"32":{"name":"(anonymous_32)","decl":{"start":{"line":191,"column":30},"end":{"line":191,"column":31}},"loc":{"start":{"line":191,"column":34},"end":{"line":191,"column":39}}},"33":{"name":"(anonymous_33)","decl":{"start":{"line":192,"column":18},"end":{"line":192,"column":19}},"loc":{"start":{"line":192,"column":22},"end":{"line":192,"column":26}}},"34":{"name":"(anonymous_34)","decl":{"start":{"line":195,"column":34},"end":{"line":195,"column":35}},"loc":{"start":{"line":195,"column":39},"end":{"line":200,"column":32}}},"35":{"name":"(anonymous_35)","decl":{"start":{"line":206,"column":20},"end":{"line":206,"column":21}},"loc":{"start":{"line":206,"column":26},"end":{"line":214,"column":9}}},"36":{"name":"_str","decl":{"start":{"line":218,"column":9},"end":{"line":218,"column":13}},"loc":{"start":{"line":218,"column":19},"end":{"line":223,"column":1}}},"37":{"name":"_trans","decl":{"start":{"line":227,"column":9},"end":{"line":227,"column":15}},"loc":{"start":{"line":227,"column":99},"end":{"line":248,"column":1}}},"38":{"name":"(anonymous_38)","decl":{"start":{"line":250,"column":17},"end":{"line":250,"column":18}},"loc":{"start":{"line":250,"column":48},"end":{"line":255,"column":1}}},"39":{"name":"(anonymous_39)","decl":{"start":{"line":257,"column":0},"end":{"line":257,"column":null}},"loc":{"start":{"line":257,"column":0},"end":{"line":426,"column":null}}},"40":{"name":"Series","decl":{"start":{"line":265,"column":4},"end":{"line":265,"column":16}},"loc":{"start":{"line":265,"column":63},"end":{"line":286,"column":5}}},"41":{"name":"(anonymous_41)","decl":{"start":{"line":271,"column":55},"end":{"line":271,"column":56}},"loc":{"start":{"line":271,"column":59},"end":{"line":271,"column":63}}},"42":{"name":"(anonymous_42)","decl":{"start":{"line":275,"column":55},"end":{"line":275,"column":56}},"loc":{"start":{"line":275,"column":59},"end":{"line":275,"column":63}}},"43":{"name":"(anonymous_43)","decl":{"start":{"line":288,"column":4},"end":{"line":288,"column":8}},"loc":{"start":{"line":288,"column":4},"end":{"line":290,"column":5}}},"44":{"name":"(anonymous_44)","decl":{"start":{"line":292,"column":4},"end":{"line":292,"column":14}},"loc":{"start":{"line":292,"column":32},"end":{"line":294,"column":5}}},"45":{"name":"(anonymous_45)","decl":{"start":{"line":296,"column":4},"end":{"line":296,"column":5}},"loc":{"start":{"line":296,"column":4},"end":{"line":301,"column":5}}},"46":{"name":"(anonymous_46)","decl":{"start":{"line":298,"column":42},"end":{"line":298,"column":43}},"loc":{"start":{"line":298,"column":43},"end":{"line":298,"column":46}}},"47":{"name":"(anonymous_47)","decl":{"start":{"line":299,"column":24},"end":{"line":299,"column":25}},"loc":{"start":{"line":299,"column":25},"end":{"line":299,"column":31}}},"48":{"name":"(anonymous_48)","decl":{"start":{"line":305,"column":4},"end":{"line":305,"column":9}},"loc":{"start":{"line":305,"column":32},"end":{"line":318,"column":5}}},"49":{"name":"(anonymous_49)","decl":{"start":{"line":322,"column":4},"end":{"line":322,"column":8}},"loc":{"start":{"line":322,"column":40},"end":{"line":327,"column":5}}},"50":{"name":"(anonymous_50)","decl":{"start":{"line":331,"column":4},"end":{"line":331,"column":7}},"loc":{"start":{"line":331,"column":24},"end":{"line":334,"column":5}}},"51":{"name":"(anonymous_51)","decl":{"start":{"line":337,"column":4},"end":{"line":337,"column":9}},"loc":{"start":{"line":337,"column":59},"end":{"line":350,"column":5}}},"52":{"name":"(anonymous_52)","decl":{"start":{"line":354,"column":4},"end":{"line":354,"column":8}},"loc":{"start":{"line":354,"column":33},"end":{"line":361,"column":5}}},"53":{"name":"(anonymous_53)","decl":{"start":{"line":365,"column":4},"end":{"line":365,"column":7}},"loc":{"start":{"line":365,"column":34},"end":{"line":395,"column":5}}},"54":{"name":"(anonymous_54)","decl":{"start":{"line":387,"column":34},"end":{"line":387,"column":35}},"loc":{"start":{"line":387,"column":35},"end":{"line":387,"column":43}}},"55":{"name":"(anonymous_55)","decl":{"start":{"line":397,"column":4},"end":{"line":397,"column":8}},"loc":{"start":{"line":397,"column":36},"end":{"line":401,"column":5}}},"56":{"name":"(anonymous_56)","decl":{"start":{"line":403,"column":4},"end":{"line":403,"column":10}},"loc":{"start":{"line":403,"column":49},"end":{"line":408,"column":5}}},"57":{"name":"(anonymous_57)","decl":{"start":{"line":410,"column":4},"end":{"line":410,"column":8}},"loc":{"start":{"line":410,"column":19},"end":{"line":416,"column":5}}},"58":{"name":"(anonymous_58)","decl":{"start":{"line":414,"column":12},"end":{"line":414,"column":13}},"loc":{"start":{"line":414,"column":13},"end":{"line":414,"column":16}}},"59":{"name":"(anonymous_59)","decl":{"start":{"line":418,"column":4},"end":{"line":418,"column":5}},"loc":{"start":{"line":418,"column":17},"end":{"line":420,"column":5}}},"60":{"name":"(anonymous_60)","decl":{"start":{"line":419,"column":31},"end":{"line":419,"column":32}},"loc":{"start":{"line":419,"column":32},"end":{"line":419,"column":38}}},"61":{"name":"(anonymous_61)","decl":{"start":{"line":422,"column":4},"end":{"line":422,"column":5}},"loc":{"start":{"line":422,"column":17},"end":{"line":425,"column":5}}},"62":{"name":"(anonymous_62)","decl":{"start":{"line":430,"column":0},"end":{"line":430,"column":null}},"loc":{"start":{"line":430,"column":0},"end":{"line":1009,"column":null}}},"63":{"name":"DataFrame","decl":{"start":{"line":442,"column":4},"end":{"line":442,"column":16}},"loc":{"start":{"line":442,"column":85},"end":{"line":477,"column":5}}},"64":{"name":"(anonymous_64)","decl":{"start":{"line":446,"column":26},"end":{"line":446,"column":29}},"loc":{"start":{"line":446,"column":29},"end":{"line":446,"column":36}}},"65":{"name":"(anonymous_65)","decl":{"start":{"line":446,"column":41},"end":{"line":446,"column":44}},"loc":{"start":{"line":446,"column":44},"end":{"line":446,"column":47}}},"66":{"name":"(anonymous_66)","decl":{"start":{"line":454,"column":33},"end":{"line":454,"column":34}},"loc":{"start":{"line":454,"column":37},"end":{"line":454,"column":41}}},"67":{"name":"(anonymous_67)","decl":{"start":{"line":456,"column":28},"end":{"line":456,"column":29}},"loc":{"start":{"line":456,"column":32},"end":{"line":456,"column":36}}},"68":{"name":"(anonymous_68)","decl":{"start":{"line":474,"column":21},"end":{"line":474,"column":22}},"loc":{"start":{"line":474,"column":22},"end":{"line":474,"column":26}}},"69":{"name":"(anonymous_69)","decl":{"start":{"line":480,"column":4},"end":{"line":480,"column":15}},"loc":{"start":{"line":480,"column":25},"end":{"line":480,"column":94}}},"70":{"name":"(anonymous_70)","decl":{"start":{"line":480,"column":45},"end":{"line":480,"column":46}},"loc":{"start":{"line":480,"column":57},"end":{"line":480,"column":65}}},"71":{"name":"(anonymous_71)","decl":{"start":{"line":480,"column":70},"end":{"line":480,"column":73}},"loc":{"start":{"line":480,"column":73},"end":{"line":480,"column":80}}},"72":{"name":"(anonymous_72)","decl":{"start":{"line":481,"column":4},"end":{"line":481,"column":14}},"loc":{"start":{"line":481,"column":24},"end":{"line":486,"column":5}}},"73":{"name":"(anonymous_73)","decl":{"start":{"line":488,"column":4},"end":{"line":488,"column":8}},"loc":{"start":{"line":488,"column":4},"end":{"line":490,"column":5}}},"74":{"name":"(anonymous_74)","decl":{"start":{"line":495,"column":4},"end":{"line":495,"column":14}},"loc":{"start":{"line":495,"column":32},"end":{"line":497,"column":5}}},"75":{"name":"(anonymous_75)","decl":{"start":{"line":491,"column":4},"end":{"line":491,"column":8}},"loc":{"start":{"line":491,"column":4},"end":{"line":493,"column":5}}},"76":{"name":"(anonymous_76)","decl":{"start":{"line":498,"column":4},"end":{"line":498,"column":16}},"loc":{"start":{"line":498,"column":33},"end":{"line":500,"column":5}}},"77":{"name":"(anonymous_77)","decl":{"start":{"line":504,"column":4},"end":{"line":504,"column":6}},"loc":{"start":{"line":504,"column":4},"end":{"line":517,"column":5}}},"78":{"name":"(anonymous_78)","decl":{"start":{"line":507,"column":55},"end":{"line":507,"column":56}},"loc":{"start":{"line":507,"column":56},"end":{"line":507,"column":59}}},"79":{"name":"(anonymous_79)","decl":{"start":{"line":509,"column":40},"end":{"line":509,"column":41}},"loc":{"start":{"line":509,"column":46},"end":{"line":514,"column":9}}},"80":{"name":"(anonymous_80)","decl":{"start":{"line":512,"column":39},"end":{"line":512,"column":40}},"loc":{"start":{"line":512,"column":40},"end":{"line":512,"column":46}}},"81":{"name":"(anonymous_81)","decl":{"start":{"line":519,"column":4},"end":{"line":519,"column":5}},"loc":{"start":{"line":519,"column":4},"end":{"line":524,"column":5}}},"82":{"name":"(anonymous_82)","decl":{"start":{"line":527,"column":4},"end":{"line":527,"column":13}},"loc":{"start":{"line":527,"column":35},"end":{"line":537,"column":5}}},"83":{"name":"(anonymous_83)","decl":{"start":{"line":540,"column":4},"end":{"line":540,"column":20}},"loc":{"start":{"line":540,"column":112},"end":{"line":569,"column":5}}},"84":{"name":"(anonymous_84)","decl":{"start":{"line":571,"column":4},"end":{"line":571,"column":19}},"loc":{"start":{"line":571,"column":61},"end":{"line":598,"column":5}}},"85":{"name":"(anonymous_85)","decl":{"start":{"line":574,"column":45},"end":{"line":574,"column":46}},"loc":{"start":{"line":574,"column":46},"end":{"line":574,"column":51}}},"86":{"name":"(anonymous_86)","decl":{"start":{"line":585,"column":20},"end":{"line":585,"column":21}},"loc":{"start":{"line":585,"column":26},"end":{"line":585,"column":30}}},"87":{"name":"(anonymous_87)","decl":{"start":{"line":587,"column":20},"end":{"line":587,"column":23}},"loc":{"start":{"line":587,"column":23},"end":{"line":587,"column":32}}},"88":{"name":"(anonymous_88)","decl":{"start":{"line":601,"column":4},"end":{"line":601,"column":8}},"loc":{"start":{"line":602,"column":46},"end":{"line":624,"column":5}}},"89":{"name":"(anonymous_89)","decl":{"start":{"line":626,"column":4},"end":{"line":626,"column":7}},"loc":{"start":{"line":626,"column":52},"end":{"line":635,"column":5}}},"90":{"name":"(anonymous_90)","decl":{"start":{"line":638,"column":4},"end":{"line":638,"column":20}},"loc":{"start":{"line":638,"column":110},"end":{"line":660,"column":5}}},"91":{"name":"(anonymous_91)","decl":{"start":{"line":662,"column":4},"end":{"line":662,"column":19}},"loc":{"start":{"line":662,"column":105},"end":{"line":687,"column":5}}},"92":{"name":"(anonymous_92)","decl":{"start":{"line":678,"column":20},"end":{"line":678,"column":21}},"loc":{"start":{"line":678,"column":26},"end":{"line":678,"column":30}}},"93":{"name":"(anonymous_93)","decl":{"start":{"line":679,"column":32},"end":{"line":679,"column":33}},"loc":{"start":{"line":679,"column":39},"end":{"line":681,"column":17}}},"94":{"name":"(anonymous_94)","decl":{"start":{"line":689,"column":4},"end":{"line":689,"column":9}},"loc":{"start":{"line":689,"column":94},"end":{"line":705,"column":5}}},"95":{"name":"(anonymous_95)","decl":{"start":{"line":710,"column":4},"end":{"line":710,"column":8}},"loc":{"start":{"line":710,"column":52},"end":{"line":721,"column":5}}},"96":{"name":"(anonymous_96)","decl":{"start":{"line":740,"column":4},"end":{"line":740,"column":7}},"loc":{"start":{"line":740,"column":50},"end":{"line":767,"column":5}}},"97":{"name":"(anonymous_97)","decl":{"start":{"line":769,"column":4},"end":{"line":769,"column":11}},"loc":{"start":{"line":770,"column":34},"end":{"line":774,"column":5}}},"98":{"name":"(anonymous_98)","decl":{"start":{"line":776,"column":4},"end":{"line":776,"column":8}},"loc":{"start":{"line":776,"column":49},"end":{"line":794,"column":5}}},"99":{"name":"(anonymous_99)","decl":{"start":{"line":782,"column":28},"end":{"line":782,"column":29}},"loc":{"start":{"line":782,"column":43},"end":{"line":784,"column":13}}},"100":{"name":"(anonymous_100)","decl":{"start":{"line":790,"column":32},"end":{"line":790,"column":33}},"loc":{"start":{"line":790,"column":47},"end":{"line":792,"column":13}}},"101":{"name":"(anonymous_101)","decl":{"start":{"line":796,"column":4},"end":{"line":796,"column":10}},"loc":{"start":{"line":796,"column":62},"end":{"line":810,"column":5}}},"102":{"name":"(anonymous_102)","decl":{"start":{"line":812,"column":4},"end":{"line":812,"column":8}},"loc":{"start":{"line":812,"column":30},"end":{"line":824,"column":5}}},"103":{"name":"(anonymous_103)","decl":{"start":{"line":817,"column":16},"end":{"line":817,"column":17}},"loc":{"start":{"line":817,"column":17},"end":{"line":817,"column":20}}},"104":{"name":"(anonymous_104)","decl":{"start":{"line":821,"column":16},"end":{"line":821,"column":17}},"loc":{"start":{"line":821,"column":17},"end":{"line":821,"column":20}}},"105":{"name":"(anonymous_105)","decl":{"start":{"line":826,"column":4},"end":{"line":826,"column":15}},"loc":{"start":{"line":826,"column":35},"end":{"line":836,"column":5}}},"106":{"name":"(anonymous_106)","decl":{"start":{"line":838,"column":4},"end":{"line":838,"column":17}},"loc":{"start":{"line":838,"column":37},"end":{"line":848,"column":5}}},"107":{"name":"(anonymous_107)","decl":{"start":{"line":850,"column":4},"end":{"line":850,"column":11}},"loc":{"start":{"line":850,"column":22},"end":{"line":863,"column":5}}},"108":{"name":"(anonymous_108)","decl":{"start":{"line":856,"column":28},"end":{"line":856,"column":32}},"loc":{"start":{"line":856,"column":32},"end":{"line":862,"column":9}}},"109":{"name":"(anonymous_109)","decl":{"start":{"line":858,"column":33},"end":{"line":858,"column":34}},"loc":{"start":{"line":858,"column":37},"end":{"line":860,"column":13}}},"110":{"name":"(anonymous_110)","decl":{"start":{"line":865,"column":4},"end":{"line":865,"column":5}},"loc":{"start":{"line":865,"column":28},"end":{"line":926,"column":5}}},"111":{"name":"(anonymous_111)","decl":{"start":{"line":868,"column":35},"end":{"line":868,"column":36}},"loc":{"start":{"line":868,"column":36},"end":{"line":873,"column":9}}},"112":{"name":"(anonymous_112)","decl":{"start":{"line":878,"column":36},"end":{"line":878,"column":37}},"loc":{"start":{"line":878,"column":37},"end":{"line":902,"column":9}}},"113":{"name":"(anonymous_113)","decl":{"start":{"line":909,"column":35},"end":{"line":909,"column":36}},"loc":{"start":{"line":909,"column":36},"end":{"line":914,"column":9}}},"114":{"name":"(anonymous_114)","decl":{"start":{"line":916,"column":23},"end":{"line":916,"column":24}},"loc":{"start":{"line":916,"column":31},"end":{"line":922,"column":9}}},"115":{"name":"(anonymous_115)","decl":{"start":{"line":923,"column":30},"end":{"line":923,"column":31}},"loc":{"start":{"line":923,"column":31},"end":{"line":923,"column":37}}},"116":{"name":"(anonymous_116)","decl":{"start":{"line":930,"column":4},"end":{"line":930,"column":5}},"loc":{"start":{"line":930,"column":43},"end":{"line":948,"column":5}}},"117":{"name":"(anonymous_117)","decl":{"start":{"line":950,"column":4},"end":{"line":950,"column":12}},"loc":{"start":{"line":951,"column":23},"end":{"line":956,"column":5}}},"118":{"name":"(anonymous_118)","decl":{"start":{"line":952,"column":38},"end":{"line":952,"column":39}},"loc":{"start":{"line":952,"column":42},"end":{"line":955,"column":13}}},"119":{"name":"(anonymous_119)","decl":{"start":{"line":958,"column":4},"end":{"line":958,"column":12}},"loc":{"start":{"line":959,"column":23},"end":{"line":964,"column":5}}},"120":{"name":"(anonymous_120)","decl":{"start":{"line":960,"column":40},"end":{"line":960,"column":41}},"loc":{"start":{"line":960,"column":44},"end":{"line":963,"column":13}}},"121":{"name":"(anonymous_121)","decl":{"start":{"line":970,"column":4},"end":{"line":970,"column":11}},"loc":{"start":{"line":970,"column":35},"end":{"line":978,"column":5}}},"122":{"name":"(anonymous_122)","decl":{"start":{"line":980,"column":4},"end":{"line":980,"column":12}},"loc":{"start":{"line":980,"column":39},"end":{"line":1007,"column":5}}},"123":{"name":"(anonymous_123)","decl":{"start":{"line":987,"column":27},"end":{"line":987,"column":28}},"loc":{"start":{"line":987,"column":34},"end":{"line":993,"column":13}}},"124":{"name":"(anonymous_124)","decl":{"start":{"line":997,"column":27},"end":{"line":997,"column":28}},"loc":{"start":{"line":997,"column":34},"end":{"line":1003,"column":13}}}},"branchMap":{"0":{"loc":{"start":{"line":33,"column":20},"end":{"line":33,"column":36}},"type":"cond-expr","locations":[{"start":{"line":33,"column":27},"end":{"line":33,"column":31}},{"start":{"line":33,"column":34},"end":{"line":33,"column":36}}]},"1":{"loc":{"start":{"line":47,"column":16},"end":{"line":55,"column":null}},"type":"if","locations":[{"start":{"line":47,"column":16},"end":{"line":55,"column":null}},{"start":{"line":53,"column":21},"end":{"line":55,"column":null}}]},"2":{"loc":{"start":{"line":66,"column":25},"end":{"line":66,"column":55}},"type":"cond-expr","locations":[{"start":{"line":66,"column":37},"end":{"line":66,"column":50}},{"start":{"line":66,"column":53},"end":{"line":66,"column":55}}]},"3":{"loc":{"start":{"line":72,"column":8},"end":{"line":80,"column":null}},"type":"if","locations":[{"start":{"line":72,"column":8},"end":{"line":80,"column":null}},{"start":{"line":74,"column":12},"end":{"line":80,"column":null}}]},"4":{"loc":{"start":{"line":76,"column":12},"end":{"line":79,"column":null}},"type":"if","locations":[{"start":{"line":76,"column":12},"end":{"line":79,"column":null}},{"start":{"line":79,"column":16},"end":{"line":79,"column":null}}]},"5":{"loc":{"start":{"line":115,"column":8},"end":{"line":116,"column":null}},"type":"if","locations":[{"start":{"line":115,"column":8},"end":{"line":116,"column":null}}]},"6":{"loc":{"start":{"line":121,"column":8},"end":{"line":132,"column":null}},"type":"if","locations":[{"start":{"line":121,"column":8},"end":{"line":132,"column":null}},{"start":{"line":124,"column":13},"end":{"line":132,"column":null}}]},"7":{"loc":{"start":{"line":129,"column":16},"end":{"line":129,"column":69}},"type":"cond-expr","locations":[{"start":{"line":129,"column":37},"end":{"line":129,"column":54}},{"start":{"line":129,"column":56},"end":{"line":129,"column":69}}]},"8":{"loc":{"start":{"line":140,"column":4},"end":{"line":140,"column":null}},"type":"if","locations":[{"start":{"line":140,"column":4},"end":{"line":140,"column":null}}]},"9":{"loc":{"start":{"line":141,"column":4},"end":{"line":143,"column":27}},"type":"if","locations":[{"start":{"line":141,"column":4},"end":{"line":143,"column":27}}]},"10":{"loc":{"start":{"line":142,"column":12},"end":{"line":143,"column":26}},"type":"cond-expr","locations":[{"start":{"line":142,"column":28},"end":{"line":142,"column":37}},{"start":{"line":143,"column":18},"end":{"line":143,"column":26}}]},"11":{"loc":{"start":{"line":144,"column":4},"end":{"line":155,"column":null}},"type":"if","locations":[{"start":{"line":144,"column":4},"end":{"line":155,"column":null}},{"start":{"line":148,"column":9},"end":{"line":155,"column":null}}]},"12":{"loc":{"start":{"line":152,"column":12},"end":{"line":152,"column":null}},"type":"if","locations":[{"start":{"line":152,"column":12},"end":{"line":152,"column":null}}]},"13":{"loc":{"start":{"line":159,"column":4},"end":{"line":159,"column":null}},"type":"if","locations":[{"start":{"line":159,"column":4},"end":{"line":159,"column":null}}]},"14":{"loc":{"start":{"line":162,"column":15},"end":{"line":163,"column":26}},"type":"cond-expr","locations":[{"start":{"line":162,"column":32},"end":{"line":162,"column":41}},{"start":{"line":163,"column":18},"end":{"line":163,"column":26}}]},"15":{"loc":{"start":{"line":164,"column":15},"end":{"line":165,"column":26}},"type":"cond-expr","locations":[{"start":{"line":164,"column":32},"end":{"line":164,"column":41}},{"start":{"line":165,"column":18},"end":{"line":165,"column":26}}]},"16":{"loc":{"start":{"line":166,"column":4},"end":{"line":180,"column":null}},"type":"if","locations":[{"start":{"line":166,"column":4},"end":{"line":180,"column":null}},{"start":{"line":172,"column":9},"end":{"line":180,"column":null}}]},"17":{"loc":{"start":{"line":175,"column":12},"end":{"line":178,"column":null}},"type":"if","locations":[{"start":{"line":175,"column":12},"end":{"line":178,"column":null}}]},"18":{"loc":{"start":{"line":186,"column":4},"end":{"line":189,"column":null}},"type":"if","locations":[{"start":{"line":186,"column":4},"end":{"line":189,"column":null}}]},"19":{"loc":{"start":{"line":191,"column":14},"end":{"line":192,"column":26}},"type":"cond-expr","locations":[{"start":{"line":191,"column":30},"end":{"line":191,"column":39}},{"start":{"line":192,"column":18},"end":{"line":192,"column":26}}]},"20":{"loc":{"start":{"line":193,"column":4},"end":{"line":215,"column":null}},"type":"if","locations":[{"start":{"line":193,"column":4},"end":{"line":215,"column":null}},{"start":{"line":201,"column":9},"end":{"line":215,"column":null}}]},"21":{"loc":{"start":{"line":197,"column":12},"end":{"line":199,"column":null}},"type":"if","locations":[{"start":{"line":197,"column":12},"end":{"line":199,"column":null}}]},"22":{"loc":{"start":{"line":198,"column":16},"end":{"line":199,"column":44}},"type":"cond-expr","locations":[{"start":{"line":198,"column":32},"end":{"line":198,"column":80}},{"start":{"line":199,"column":18},"end":{"line":199,"column":44}}]},"23":{"loc":{"start":{"line":207,"column":12},"end":{"line":213,"column":null}},"type":"if","locations":[{"start":{"line":207,"column":12},"end":{"line":213,"column":null}}]},"24":{"loc":{"start":{"line":208,"column":16},"end":{"line":210,"column":null}},"type":"if","locations":[{"start":{"line":208,"column":16},"end":{"line":210,"column":null}}]},"25":{"loc":{"start":{"line":209,"column":20},"end":{"line":210,"column":48}},"type":"cond-expr","locations":[{"start":{"line":209,"column":36},"end":{"line":209,"column":84}},{"start":{"line":210,"column":22},"end":{"line":210,"column":48}}]},"26":{"loc":{"start":{"line":219,"column":5},"end":{"line":222,"column":null}},"type":"if","locations":[{"start":{"line":219,"column":5},"end":{"line":222,"column":null}},{"start":{"line":222,"column":8},"end":{"line":222,"column":null}}]},"27":{"loc":{"start":{"line":219,"column":8},"end":{"line":219,"column":40}},"type":"binary-expr","locations":[{"start":{"line":219,"column":8},"end":{"line":219,"column":16}},{"start":{"line":219,"column":20},"end":{"line":219,"column":28}},{"start":{"line":219,"column":32},"end":{"line":219,"column":40}}]},"28":{"loc":{"start":{"line":230,"column":4},"end":{"line":246,"column":null}},"type":"switch","locations":[{"start":{"line":231,"column":8},"end":{"line":233,"column":17}},{"start":{"line":234,"column":8},"end":{"line":236,"column":17}},{"start":{"line":237,"column":8},"end":{"line":239,"column":17}},{"start":{"line":240,"column":8},"end":{"line":242,"column":17}},{"start":{"line":243,"column":8},"end":{"line":245,"column":17}}]},"29":{"loc":{"start":{"line":237,"column":13},"end":{"line":237,"column":97}},"type":"binary-expr","locations":[{"start":{"line":237,"column":13},"end":{"line":237,"column":34}},{"start":{"line":237,"column":38},"end":{"line":237,"column":59}},{"start":{"line":237,"column":63},"end":{"line":237,"column":97}}]},"30":{"loc":{"start":{"line":243,"column":13},"end":{"line":243,"column":96}},"type":"binary-expr","locations":[{"start":{"line":243,"column":13},"end":{"line":243,"column":23}},{"start":{"line":243,"column":28},"end":{"line":243,"column":53}},{"start":{"line":243,"column":57},"end":{"line":243,"column":96}}]},"31":{"loc":{"start":{"line":251,"column":16},"end":{"line":252,"column":37}},"type":"cond-expr","locations":[{"start":{"line":252,"column":13},"end":{"line":252,"column":23}},{"start":{"line":252,"column":26},"end":{"line":252,"column":37}}]},"32":{"loc":{"start":{"line":254,"column":11},"end":{"line":254,"column":57}},"type":"cond-expr","locations":[{"start":{"line":254,"column":35},"end":{"line":254,"column":39}},{"start":{"line":254,"column":42},"end":{"line":254,"column":57}}]},"33":{"loc":{"start":{"line":268,"column":8},"end":{"line":285,"column":null}},"type":"switch","locations":[{"start":{"line":269,"column":12},"end":{"line":272,"column":21}},{"start":{"line":273,"column":12},"end":{"line":276,"column":21}},{"start":{"line":277,"column":12},"end":{"line":280,"column":21}},{"start":{"line":281,"column":12},"end":{"line":284,"column":null}}]},"34":{"loc":{"start":{"line":269,"column":17},"end":{"line":269,"column":60}},"type":"binary-expr","locations":[{"start":{"line":269,"column":17},"end":{"line":269,"column":37}},{"start":{"line":269,"column":41},"end":{"line":269,"column":60}}]},"35":{"loc":{"start":{"line":273,"column":17},"end":{"line":273,"column":72}},"type":"binary-expr","locations":[{"start":{"line":273,"column":17},"end":{"line":273,"column":36}},{"start":{"line":273,"column":41},"end":{"line":273,"column":54}},{"start":{"line":273,"column":58},"end":{"line":273,"column":71}}]},"36":{"loc":{"start":{"line":279,"column":29},"end":{"line":279,"column":81}},"type":"cond-expr","locations":[{"start":{"line":279,"column":55},"end":{"line":279,"column":61}},{"start":{"line":279,"column":64},"end":{"line":279,"column":81}}]},"37":{"loc":{"start":{"line":284,"column":29},"end":{"line":284,"column":81}},"type":"cond-expr","locations":[{"start":{"line":284,"column":55},"end":{"line":284,"column":61}},{"start":{"line":284,"column":64},"end":{"line":284,"column":81}}]},"38":{"loc":{"start":{"line":297,"column":25},"end":{"line":297,"column":55}},"type":"cond-expr","locations":[{"start":{"line":297,"column":37},"end":{"line":297,"column":50}},{"start":{"line":297,"column":53},"end":{"line":297,"column":55}}]},"39":{"loc":{"start":{"line":306,"column":8},"end":{"line":317,"column":null}},"type":"switch","locations":[{"start":{"line":307,"column":12},"end":{"line":308,"column":null}},{"start":{"line":309,"column":12},"end":{"line":311,"column":null}},{"start":{"line":312,"column":12},"end":{"line":316,"column":null}}]},"40":{"loc":{"start":{"line":338,"column":8},"end":{"line":349,"column":null}},"type":"switch","locations":[{"start":{"line":339,"column":12},"end":{"line":342,"column":21}},{"start":{"line":343,"column":12},"end":{"line":346,"column":21}},{"start":{"line":347,"column":12},"end":{"line":348,"column":null}}]},"41":{"loc":{"start":{"line":355,"column":8},"end":{"line":360,"column":null}},"type":"if","locations":[{"start":{"line":355,"column":8},"end":{"line":360,"column":null}},{"start":{"line":357,"column":13},"end":{"line":360,"column":null}}]},"42":{"loc":{"start":{"line":366,"column":8},"end":{"line":394,"column":null}},"type":"if","locations":[{"start":{"line":366,"column":8},"end":{"line":394,"column":null}},{"start":{"line":368,"column":13},"end":{"line":394,"column":null}}]},"43":{"loc":{"start":{"line":369,"column":12},"end":{"line":393,"column":null}},"type":"if","locations":[{"start":{"line":369,"column":12},"end":{"line":393,"column":null}},{"start":{"line":371,"column":16},"end":{"line":393,"column":null}}]},"44":{"loc":{"start":{"line":369,"column":15},"end":{"line":369,"column":51}},"type":"binary-expr","locations":[{"start":{"line":369,"column":15},"end":{"line":369,"column":27}},{"start":{"line":369,"column":29},"end":{"line":369,"column":51}}]},"45":{"loc":{"start":{"line":372,"column":16},"end":{"line":374,"column":null}},"type":"if","locations":[{"start":{"line":372,"column":16},"end":{"line":374,"column":null}}]},"46":{"loc":{"start":{"line":372,"column":19},"end":{"line":373,"column":43}},"type":"binary-expr","locations":[{"start":{"line":372,"column":19},"end":{"line":372,"column":41}},{"start":{"line":373,"column":20},"end":{"line":373,"column":43}}]},"47":{"loc":{"start":{"line":382,"column":16},"end":{"line":389,"column":null}},"type":"if","locations":[{"start":{"line":382,"column":16},"end":{"line":389,"column":null}}]},"48":{"loc":{"start":{"line":382,"column":19},"end":{"line":382,"column":47}},"type":"binary-expr","locations":[{"start":{"line":382,"column":19},"end":{"line":382,"column":31}},{"start":{"line":382,"column":35},"end":{"line":382,"column":47}}]},"49":{"loc":{"start":{"line":384,"column":20},"end":{"line":388,"column":null}},"type":"if","locations":[{"start":{"line":384,"column":20},"end":{"line":388,"column":null}}]},"50":{"loc":{"start":{"line":384,"column":23},"end":{"line":384,"column":51}},"type":"binary-expr","locations":[{"start":{"line":384,"column":23},"end":{"line":384,"column":33}},{"start":{"line":384,"column":37},"end":{"line":384,"column":51}}]},"51":{"loc":{"start":{"line":397,"column":15},"end":{"line":397,"column":null}},"type":"if","locations":[{"start":{"line":397,"column":15},"end":{"line":397,"column":null}}]},"52":{"loc":{"start":{"line":403,"column":28},"end":{"line":403,"column":null}},"type":"if","locations":[{"start":{"line":403,"column":28},"end":{"line":403,"column":null}}]},"53":{"loc":{"start":{"line":411,"column":17},"end":{"line":411,"column":71}},"type":"cond-expr","locations":[{"start":{"line":411,"column":33},"end":{"line":411,"column":39}},{"start":{"line":411,"column":42},"end":{"line":411
[...]
:null}},"22":{"start":{"line":21,"column":12},"end":{"line":22,"column":null}},"23":{"start":{"line":22,"column":16},"end":{"line":22,"column":null}},"24":{"start":{"line":23,"column":12},"end":{"line":24,"column":null}},"25":{"start":{"line":24,"column":16},"end":{"line":24,"column":null}},"26":{"start":{"line":30,"column":16},"end":{"line":31,"column":null}},"27":{"start":{"line":31,"column":20},"end":{"line":31,"column":null}},"28":{"start":{"line":36,"column":16},"end":{"line":37,"column":null}},"29":{"start":{"line":37,"column":20},"end":{"line":37,"column":null}},"30":{"start":{"line":43,"column":12},"end":{"line":44,"column":null}},"31":{"start":{"line":44,"column":16},"end":{"line":44,"column":null}},"32":{"start":{"line":45,"column":13},"end":{"line":46,"column":null}},"33":{"start":{"line":46,"column":16},"end":{"line":46,"column":null}},"34":{"start":{"line":49,"column":12},"end":{"line":50,"column":null}},"35":{"start":{"line":50,"column":12},"end":{"line":50,"column":null}},"36":{"start":{"line":54,"column":16},"end":{"line":55,"column":null}},"37":{"start":{"line":55,"column":20},"end":{"line":55,"column":null}},"38":{"start":{"line":56,"column":16},"end":{"line":57,"column":null}},"39":{"start":{"line":57,"column":20},"end":{"line":57,"column":null}},"40":{"start":{"line":60,"column":16},"end":{"line":61,"column":null}},"41":{"start":{"line":61,"column":20},"end":{"line":61,"column":null}},"42":{"start":{"line":62,"column":16},"end":{"line":63,"column":null}},"43":{"start":{"line":63,"column":20},"end":{"line":63,"column":null}},"44":{"start":{"line":70,"column":16},"end":{"line":72,"column":null}},"45":{"start":{"line":71,"column":20},"end":{"line":71,"column":null}},"46":{"start":{"line":75,"column":34},"end":{"line":75,"column":47}},"47":{"start":{"line":76,"column":16},"end":{"line":80,"column":null}},"48":{"start":{"line":78,"column":20},"end":{"line":80,"column":null}},"49":{"start":{"line":83,"column":16},"end":{"line":85,"column":null}},"50":{"start":{"line":84,"column":16},"end":{"line":85,"column":null}},"51":{"start":{"line":87,"column":31},"end":{"line":89,"column":23}},"52":{"start":{"line":88,"column":20},"end":{"line":88,"column":null}},"53":{"start":{"line":90,"column":16},"end":{"line":93,"column":null}},"54":{"start":{"line":91,"column":20},"end":{"line":92,"column":null}},"55":{"start":{"line":96,"column":30},"end":{"line":96,"column":58}},"56":{"start":{"line":96,"column":48},"end":{"line":96,"column":56}},"57":{"start":{"line":97,"column":16},"end":{"line":100,"column":null}},"58":{"start":{"line":98,"column":20},"end":{"line":100,"column":null}},"59":{"start":{"line":108,"column":16},"end":{"line":110,"column":null}},"60":{"start":{"line":109,"column":20},"end":{"line":110,"column":null}},"61":{"start":{"line":168,"column":64},"end":{"line":168,"column":69}},"62":{"start":{"line":118,"column":19},"end":{"line":118,"column":24}},"63":{"start":{"line":119,"column":4},"end":{"line":119,"column":null}},"64":{"start":{"line":124,"column":4},"end":{"line":124,"column":null}},"65":{"start":{"line":125,"column":30},"end":{"line":125,"column":42}},"66":{"start":{"line":125,"column":18},"end":{"line":125,"column":19}},"67":{"start":{"line":125,"column":26},"end":{"line":125,"column":30}},"68":{"start":{"line":126,"column":4},"end":{"line":126,"column":null}},"69":{"start":{"line":127,"column":4},"end":{"line":127,"column":null}},"70":{"start":{"line":128,"column":22},"end":{"line":129,"column":44}},"71":{"start":{"line":128,"column":14},"end":{"line":128,"column":15}},"72":{"start":{"line":128,"column":18},"end":{"line":128,"column":22}},"73":{"start":{"line":130,"column":4},"end":{"line":130,"column":null}},"74":{"start":{"line":131,"column":4},"end":{"line":131,"column":null}},"75":{"start":{"line":131,"column":18},"end":{"line":131,"column":null}},"76":{"start":{"line":132,"column":4},"end":{"line":132,"column":null}},"77":{"start":{"line":132,"column":16},"end":{"line":132,"column":null}},"78":{"start":{"line":133,"column":4},"end":{"line":133,"column":null}},"79":{"start":{"line":133,"column":21},"end":{"line":133,"column":null}},"80":{"start":{"line":134,"column":4},"end":{"line":134,"column":null}},"81":{"start":{"line":134,"column":21},"end":{"line":134,"column":null}},"82":{"start":{"line":135,"column":4},"end":{"line":135,"column":null}},"83":{"start":{"line":136,"column":4},"end":{"line":136,"column":null}},"84":{"start":{"line":136,"column":54},"end":{"line":136,"column":62}},"85":{"start":{"line":143,"column":4},"end":{"line":146,"column":null}},"86":{"start":{"line":144,"column":8},"end":{"line":144,"column":null}},"87":{"start":{"line":146,"column":8},"end":{"line":146,"column":null}},"88":{"start":{"line":168,"column":70},"end":{"line":168,"column":75}},"89":{"start":{"line":153,"column":4},"end":{"line":163,"column":null}},"90":{"start":{"line":155,"column":12},"end":{"line":155,"column":null}},"91":{"start":{"line":157,"column":12},"end":{"line":157,"column":null}},"92":{"start":{"line":159,"column":12},"end":{"line":160,"column":null}},"93":{"start":{"line":160,"column":16},"end":{"line":160,"column":32}},"94":{"start":{"line":162,"column":12},"end":{"line":162,"column":null}},"95":{"start":{"line":168,"column":52},"end":{"line":168,"column":63}}},"fnMap":{"0":{"name":"(anonymous_0)","decl":{"start":{"line":4,"column":14},"end":{"line":4,"column":15}},"loc":{"start":{"line":4,"column":20},"end":{"line":4,"column":32}}},"1":{"name":"(anonymous_1)","decl":{"start":{"line":5,"column":14},"end":{"line":5,"column":15}},"loc":{"start":{"line":5,"column":20},"end":{"line":5,"column":32}}},"2":{"name":"(anonymous_2)","decl":{"start":{"line":7,"column":14},"end":{"line":7,"column":15}},"loc":{"start":{"line":7,"column":20},"end":{"line":7,"column":30}}},"3":{"name":"(anonymous_3)","decl":{"start":{"line":8,"column":14},"end":{"line":8,"column":15}},"loc":{"start":{"line":8,"column":20},"end":{"line":8,"column":30}}},"4":{"name":"(anonymous_4)","decl":{"start":{"line":9,"column":17},"end":{"line":9,"column":18}},"loc":{"start":{"line":9,"column":23},"end":{"line":9,"column":33}}},"5":{"name":"(anonymous_5)","decl":{"start":{"line":11,"column":17},"end":{"line":11,"column":18}},"loc":{"start":{"line":11,"column":23},"end":{"line":11,"column":33}}},"6":{"name":"(anonymous_6)","decl":{"start":{"line":17,"column":11},"end":{"line":17,"column":12}},"loc":{"start":{"line":17,"column":34},"end":{"line":25,"column":9}}},"7":{"name":"(anonymous_7)","decl":{"start":{"line":29,"column":15},"end":{"line":29,"column":16}},"loc":{"start":{"line":29,"column":41},"end":{"line":32,"column":13}}},"8":{"name":"(anonymous_8)","decl":{"start":{"line":35,"column":16},"end":{"line":35,"column":17}},"loc":{"start":{"line":35,"column":27},"end":{"line":38,"column":13}}},"9":{"name":"(anonymous_9)","decl":{"start":{"line":42,"column":11},"end":{"line":42,"column":12}},"loc":{"start":{"line":42,"column":33},"end":{"line":47,"column":9}}},"10":{"name":"(anonymous_10)","decl":{"start":{"line":48,"column":12},"end":{"line":48,"column":13}},"loc":{"start":{"line":48,"column":37},"end":{"line":51,"column":9}}},"11":{"name":"(anonymous_11)","decl":{"start":{"line":53,"column":17},"end":{"line":53,"column":18}},"loc":{"start":{"line":53,"column":26},"end":{"line":58,"column":13}}},"12":{"name":"(anonymous_12)","decl":{"start":{"line":59,"column":18},"end":{"line":59,"column":19}},"loc":{"start":{"line":59,"column":42},"end":{"line":64,"column":13}}},"13":{"name":"(anonymous_13)","decl":{"start":{"line":69,"column":15},"end":{"line":69,"column":19}},"loc":{"start":{"line":69,"column":24},"end":{"line":73,"column":13}}},"14":{"name":"(anonymous_14)","decl":{"start":{"line":74,"column":15},"end":{"line":74,"column":19}},"loc":{"start":{"line":74,"column":42},"end":{"line":81,"column":13}}},"15":{"name":"(anonymous_15)","decl":{"start":{"line":82,"column":15},"end":{"line":82,"column":19}},"loc":{"start":{"line":82,"column":46},"end":{"line":94,"column":13}}},"16":{"name":"(anonymous_16)","decl":{"start":{"line":87,"column":45},"end":{"line":87,"column":46}},"loc":{"start":{"line":87,"column":65},"end":{"line":89,"column":17}}},"17":{"name":"(anonymous_17)","decl":{"start":{"line":95,"column":16},"end":{"line":95,"column":20}},"loc":{"start":{"line":95,"column":44},"end":{"line":101,"column":13}}},"18":{"name":"(anonymous_18)","decl":{"start":{"line":96,"column":41},"end":{"line":96,"column":42}},"loc":{"start":{"line":96,"column":45},"end":{"line":96,"column":49}}},"19":{"name":"(anonymous_19)","decl":{"start":{"line":106,"column":16},"end":{"line":106,"column":17}},"loc":{"start":{"line":106,"column":28},"end":{"line":111,"column":13}}},"20":{"name":"_trans_neg","decl":{"start":{"line":117,"column":9},"end":{"line":117,"column":19}},"loc":{"start":{"line":117,"column":39},"end":{"line":120,"column":1}}},"21":{"name":"_trans_rg","decl":{"start":{"line":122,"column":9},"end":{"line":122,"column":18}},"loc":{"start":{"line":122,"column":38},"end":{"line":137,"column":1}}},"22":{"name":"(anonymous_22)","decl":{"start":{"line":136,"column":51},"end":{"line":136,"column":52}},"loc":{"start":{"line":136,"column":52},"end":{"line":136,"column":55}}},"23":{"name":"range","decl":{"start":{"line":142,"column":9},"end":{"line":142,"column":14}},"loc":{"start":{"line":142,"column":42},"end":{"line":147,"column":1}}},"24":{"name":"_trans_iloc","decl":{"start":{"line":149,"column":9},"end":{"line":149,"column":20}},"loc":{"start":{"line":151,"column":18},"end":{"line":164,"column":1}}},"25":{"name":"(anonymous_25)","decl":{"start":{"line":159,"column":41},"end":{"line":159,"column":42}},"loc":{"start":{"line":159,"column":42},"end":{"line":160,"column":17}}}},"branchMap":{"0":{"loc":{"start":{"line":8,"column":25},"end":{"line":8,"column":45}},"type":"binary-expr","locations":[{"start":{"line":8,"column":25},"end":{"line":8,"column":33}},{"start":{"line":8,"column":37},"end":{"line":8,"column":45}}]},"1":{"loc":{"start":{"line":9,"column":28},"end":{"line":10,"column":34}},"type":"binary-expr","locations":[{"start":{"line":9,"column":28},"end":{"line":9,"column":36}},{"start":{"line":10,"column":7},"end":{"line":10,"column":19}},{"start":{"line":10,"column":23},"end":{"line":10,"column":34}}]},"2":{"loc":{"start":{"line":11,"column":28},"end":{"line":12,"column":34}},"type":"binary-expr","locations":[{"start":{"line":11,"column":28},"end":{"line":11,"column":36}},{"start":{"line":12,"column":7},"end":{"line":12,"column":19}},{"start":{"line":12,"column":23},"end":{"line":12,"column":34}}]},"3":{"loc":{"start":{"line":19,"column":12},"end":{"line":20,"column":null}},"type":"if","locations":[{"start":{"line":19,"column":12},"end":{"line":20,"column":null}}]},"4":{"loc":{"start":{"line":21,"column":12},"end":{"line":22,"column":null}},"type":"if","locations":[{"start":{"line":21,"column":12},"end":{"line":22,"column":null}}]},"5":{"loc":{"start":{"line":21,"column":15},"end":{"line":21,"column":27}},"type":"binary-expr","locations":[{"start":{"line":21,"column":15},"end":{"line":21,"column":18}},{"start":{"line":21,"column":22},"end":{"line":21,"column":27}}]},"6":{"loc":{"start":{"line":23,"column":12},"end":{"line":24,"column":null}},"type":"if","locations":[{"start":{"line":23,"column":12},"end":{"line":24,"column":null}}]},"7":{"loc":{"start":{"line":23,"column":15},"end":{"line":23,"column":37}},"type":"binary-expr","locations":[{"start":{"line":23,"column":15},"end":{"line":23,"column":24}},{"start":{"line":23,"column":28},"end":{"line":23,"column":37}}]},"8":{"loc":{"start":{"line":30,"column":16},"end":{"line":31,"column":null}},"type":"if","locations":[{"start":{"line":30,"column":16},"end":{"line":31,"column":null}}]},"9":{"loc":{"start":{"line":36,"column":16},"end":{"line":37,"column":null}},"type":"if","locations":[{"start":{"line":36,"column":16},"end":{"line":37,"column":null}}]},"10":{"loc":{"start":{"line":43,"column":12},"end":{"line":44,"column":null}},"type":"if","locations":[{"start":{"line":43,"column":12},"end":{"line":44,"column":null}}]},"11":{"loc":{"start":{"line":45,"column":13},"end":{"line":46,"column":null}},"type":"if","locations":[{"start":{"line":45,"column":13},"end":{"line":46,"column":null}}]},"12":{"loc":{"start":{"line":45,"column":16},"end":{"line":45,"column":37}},"type":"binary-expr","locations":[{"start":{"line":45,"column":16},"end":{"line":45,"column":23}},{"start":{"line":45,"column":27},"end":{"line":45,"column":37}}]},"13":{"loc":{"start":{"line":49,"column":12},"end":{"line":50,"column":null}},"type":"if","locations":[{"start":{"line":49,"column":12},"end":{"line":50,"column":null}}]},"14":{"loc":{"start":{"line":54,"column":16},"end":{"line":55,"column":null}},"type":"if","locations":[{"start":{"line":54,"column":16},"end":{"line":55,"column":null}}]},"15":{"loc":{"start":{"line":56,"column":16},"end":{"line":57,"column":null}},"type":"if","locations":[{"start":{"line":56,"column":16},"end":{"line":57,"column":null}}]},"16":{"loc":{"start":{"line":60,"column":16},"end":{"line":61,"column":null}},"type":"if","locations":[{"start":{"line":60,"column":16},"end":{"line":61,"column":null}}]},"17":{"loc":{"start":{"line":60,"column":19},"end":{"line":60,"column":59}},"type":"binary-expr","locations":[{"start":{"line":60,"column":19},"end":{"line":60,"column":38}},{"start":{"line":60,"column":42},"end":{"line":60,"column":59}}]},"18":{"loc":{"start":{"line":62,"column":16},"end":{"line":63,"column":null}},"type":"if","locations":[{"start":{"line":62,"column":16},"end":{"line":63,"column":null}}]},"19":{"loc":{"start":{"line":62,"column":19},"end":{"line":62,"column":69}},"type":"binary-expr","locations":[{"start":{"line":62,"column":19},"end":{"line":62,"column":43}},{"start":{"line":62,"column":47},"end":{"line":62,"column":69}}]},"20":{"loc":{"start":{"line":70,"column":16},"end":{"line":72,"column":null}},"type":"if","locations":[{"start":{"line":70,"column":16},"end":{"line":72,"column":null}}]},"21":{"loc":{"start":{"line":76,"column":16},"end":{"line":80,"column":null}},"type":"if","locations":[{"start":{"line":76,"column":16},"end":{"line":80,"column":null}}]},"22":{"loc":{"start":{"line":76,"column":19},"end":{"line":77,"column":50}},"type":"binary-expr","locations":[{"start":{"line":76,"column":19},"end":{"line":76,"column":29}},{"start":{"line":77,"column":21},"end":{"line":77,"column":50}}]},"23":{"loc":{"start":{"line":79,"column":24},"end":{"line":79,"column":66}},"type":"cond-expr","locations":[{"start":{"line":79,"column":36},"end":{"line":79,"column":57}},{"start":{"line":79,"column":60},"end":{"line":79,"column":66}}]},"24":{"loc":{"start":{"line":83,"column":16},"end":{"line":85,"column":null}},"type":"if","locations":[{"start":{"line":83,"column":16},"end":{"line":85,"column":null}}]},"25":{"loc":{"start":{"line":88,"column":27},"end":{"line":88,"column":59}},"type":"binary-expr","locations":[{"start":{"line":88,"column":27},"end":{"line":88,"column":30}},{"start":{"line":88,"column":35},"end":{"line":88,"column":58}}]},"26":{"loc":{"start":{"line":90,"column":16},"end":{"line":93,"column":null}},"type":"if","locations":[{"start":{"line":90,"column":16},"end":{"line":93,"column":null}}]},"27":{"loc":{"start":{"line":96,"column":48},"end":{"line":96,"column":55}},"type":"cond-expr","locations":[{"start":{"line":96,"column":50},"end":{"line":96,"column":53}},{"start":{"line":96,"column":54},"end":{"line":96,"column":55}}]},"28":{"loc":{"start":{"line":97,"column":16},"end":{"line":100,"column":null}},"type":"if","locations":[{"start":{"line":97,"column":16},"end":{"line":100,"column":null}}]},"29":{"loc":{"start":{"line":108,"column":16},"end":{"line":110,"column":null}},"type":"if","locations":[{"start":{"line":108,"column":16},"end":{"line":110,"column":null}}]},"30":{"loc":{"start":{"line":119,"column":11},"end":{"line":119,"column":34}},"type":"cond-expr","locations":[{"start":{"line":119,"column":24},"end":{"line":119,"column":25}},{"start":{"line":119,"column":28},"end":{"line":119,"column":34}}]},"31":{"loc":{"start":{"line":126,"column":16},"end":{"line":126,"column":43}},"type":"cond-expr","locations":[{"start":{"line":126,"column":28},"end":{"line":126,"column":37}},{"start":{"line":126,"column":40},"end":{"line":126,"column":43}}]},"32":{"loc":{"start":{"line":127,"column":14},"end":{"line":127,"column":48}},"type":"cond-expr","locations":[{"start":{"line":127,"column":24},"end":{"line":127,"column":31}},{"start":{"line":127,"column":34},"end":{"line":127,"column":48}}]},"33":{"loc":{"start":{"line":131,"column":4},"end":{"line":131,"column":null}},"type":"if","locations":[{"start":{"line":131,"column":4},"end":{"line":131,"column":null}}]},"34":{"loc":{"start":{"line":132,"column":4},"end":{"line":132,"column":null}},"type":"if","locations":[{"start":{"line":132,"column":4},"end":{"line":132,"column":null}}]},"35":{"loc":{"start":{"line":133,"column":4},"end":{"line":133,"column":null}},"type":"if","locations":[{"start":{"line":133,"column":4},"end":{"line":133,"column":null}}]},"36":{"loc":{"start":{"line":134,"column":4},"end":{"line":134,"column":null}},"type":"if","locations":[{"start":{"line":134,"column":4},"end":{"line":134,"column":null}}]},"37":{"loc":{"start":{"line":135,"column":10},"end":{"line":135,"column":31}},"type":"cond-expr","locations":[{"start":{"line":135,"column":22},"end":{"line":135,"column":25}},{"start":{"line":135,"column":28},"end":{"line":135,"column":31}}]},"38":{"loc":{"start":{"line":143,"column":4},"end":{"line":146,"column":null}},"type":"if","locations":[{"start":{"line":143,"column":4},"end":{"line":146,"column":null}},{"start":{"line":146,"column":8},"end":{"line":146,"column":null}}]},"39":{"loc":{"start":{"line":153,"column":4},"end":{"line":163,"column":null}},"type":"switch","locations":[{"start":{"line":154,"column":8},"end":{"line":155,"column":null}},{"start":{"line":156,"column":8},"end":{"line":157,"column":null}},{"start":{"line":158,"column":8},"end":{"line":160,"column":null}},{"start":{"line":161,"column":8},"end":{"line":162,"column":null}}]},"40":{"loc":{"start":{"line":156,"column":13},"end":{"line":156,"column":46}},"type":"binary-expr","locations":[{"start":{"line":156,"column":13},"end":{"line":156,"column":23}},{"start":{"line":156,"column":28},"end":{"line":156,"column":46}}]},"41":{"loc":{"start":{"line":160,"column":16},"end":{"line":160,"column":31}},"type":"cond-expr","locations":[{"start":{"line":160,"column":22},"end":{"line":160,"column":27}},{"start":{"line":160,"column":30},"end":{"line":160,"column":31}}]}},"s":{"0":3,"1":1180,"2":3,"3":3,"4":377,"5":3,"6":3,"7":1364,"8":3,"9":3,"10":365,"11":3,"12":3,"13":253,"14":3,"15":3,"16":0,"17":3,"18":3,"19":11,"20":11,"21":1,"22":10,"23":2,"24":8,"25":0,"26":643,"27":4,"28":20,"29":0,"30":371,"31":2,"32":369,"33":15,"34":55,"35":5,"36":76,"37":1,"38":75,"39":1,"40":74,"41":2,"42":72,"43":2,"44":30,"45":0,"46":75,"47":75,"48":11,"49":8,"50":2,"51":6,"52":12,"53":6,"54":4,"55":6,"56":28,"57":6,"58":1,"59":0,"60":0,"61":3,"62":11,"63":11,"64":76,"65":74,"66":74,"67":74,"68":74,"69":74,"70":74,"71":74,"72":74,"73":74,"74":70,"75":5,"76":70,"77":6,"78":70,"79":5,"80":65,"81":1,"82":64,"83":64,"84":345,"85":47,"86":47,"87":0,"88":3,"89":288,"90":29,"91":6,"92":81,"93":122,"94":172,"95":3},"f":{"0":1180,"1":377,"2":1364,"3":365,"4":253,"5":0,"6":11,"7":643,"8":20,"9":371,"10":55,"11":76,"12":74,"13":30,"14":75,"15":8,"16":12,"17":6,"18":28,"19":0,"20":11,"21":76,"22":345,"23":47,"24":288,"25":122},"b":{"0":[365,307],"1":[253,114,111],"2":[0,0,0],"3":[1],"4":[2],"5":[10,9],"6":[0],"7":[8,7],"8":[4],"9":[0],"10":[2],"11":[15],"12":[369,367],"13":[5],"14":[1],"15":[1],"16":[2],"17":[74,73],"18":[2],"19":[72,70],"20":[0],"21":[11],"22":[75,74],"23":[10,1],"24":[2],"25":[12,10],"26":[4],"27":[11,17],"28":[1],"29":[0],"30":[2,9],"31":[18,56],"32":[69,5],"33":[5],"34":[6],"35":[5],"36":[1],"37":[1,63],"38":[47,0],"39":[29,6,81,172],"40":[259,52],"41":[11,111]}}
}
