TN:
SF:src/J.tsx
FN:1014,(anonymous_0)
FN:22,cp
FN:26,(anonymous_2)
FN:32,Index
FN:37,(anonymous_4)
FN:40,(anonymous_5)
FN:44,(anonymous_6)
FN:63,(anonymous_7)
FN:71,(anonymous_8)
FN:83,(anonymous_9)
FN:85,(anonymous_10)
FN:90,(anonymous_11)
FN:98,(anonymous_12)
FN:102,(anonymous_13)
FN:106,(anonymous_14)
FN:110,(anonymous_15)
FN:114,(anonymous_16)
FN:119,(anonymous_17)
FN:126,(anonymous_18)
FN:138,vec_loc
FN:142,(anonymous_20)
FN:143,(anonymous_21)
FN:145,(anonymous_22)
FN:151,(anonymous_23)
FN:158,vec_loc2
FN:162,(anonymous_25)
FN:163,(anonymous_26)
FN:164,(anonymous_27)
FN:165,(anonymous_28)
FN:167,(anonymous_29)
FN:174,(anonymous_30)
FN:185,vec_set
FN:191,(anonymous_32)
FN:192,(anonymous_33)
FN:195,(anonymous_34)
FN:206,(anonymous_35)
FN:218,_str
FN:227,_trans
FN:250,(anonymous_38)
FN:257,(anonymous_39)
FN:265,Series
FN:271,(anonymous_41)
FN:275,(anonymous_42)
FN:288,(anonymous_43)
FN:292,(anonymous_44)
FN:296,(anonymous_45)
FN:298,(anonymous_46)
FN:299,(anonymous_47)
FN:305,(anonymous_48)
FN:322,(anonymous_49)
FN:331,(anonymous_50)
FN:337,(anonymous_51)
FN:354,(anonymous_52)
FN:365,(anonymous_53)
FN:387,(anonymous_54)
FN:397,(anonymous_55)
FN:403,(anonymous_56)
FN:410,(anonymous_57)
FN:414,(anonymous_58)
FN:418,(anonymous_59)
FN:419,(anonymous_60)
FN:422,(anonymous_61)
FN:430,(anonymous_62)
FN:442,DataFrame
FN:446,(anonymous_64)
FN:446,(anonymous_65)
FN:454,(anonymous_66)
FN:456,(anonymous_67)
FN:474,(anonymous_68)
FN:480,(anonymous_69)
FN:480,(anonymous_70)
FN:480,(anonymous_71)
FN:481,(anonymous_72)
FN:488,(anonymous_73)
FN:495,(anonymous_74)
FN:491,(anonymous_75)
FN:498,(anonymous_76)
FN:504,(anonymous_77)
FN:507,(anonymous_78)
FN:509,(anonymous_79)
FN:512,(anonymous_80)
FN:519,(anonymous_81)
FN:527,(anonymous_82)
FN:540,(anonymous_83)
FN:571,(anonymous_84)
FN:574,(anonymous_85)
FN:585,(anonymous_86)
FN:587,(anonymous_87)
FN:601,(anonymous_88)
FN:626,(anonymous_89)
FN:638,(anonymous_90)
FN:662,(anonymous_91)
FN:678,(anonymous_92)
FN:679,(anonymous_93)
FN:689,(anonymous_94)
FN:710,(anonymous_95)
FN:740,(anonymous_96)
FN:769,(anonymous_97)
FN:776,(anonymous_98)
FN:782,(anonymous_99)
FN:790,(anonymous_100)
FN:796,(anonymous_101)
FN:812,(anonymous_102)
FN:817,(anonymous_103)
FN:821,(anonymous_104)
FN:826,(anonymous_105)
FN:838,(anonymous_106)
FN:850,(anonymous_107)
FN:856,(anonymous_108)
FN:858,(anonymous_109)
FN:865,(anonymous_110)
FN:868,(anonymous_111)
FN:878,(anonymous_112)
FN:912,(anonymous_113)
FN:919,(anonymous_114)
FN:926,(anonymous_115)
FN:933,(anonymous_116)
FN:953,(anonymous_117)
FN:955,(anonymous_118)
FN:961,(anonymous_119)
FN:963,(anonymous_120)
FN:973,(anonymous_121)
FN:983,(anonymous_122)
FN:990,(anonymous_123)
FN:1000,(anonymous_124)
FNF:125
FNH:111
FNDA:0,(anonymous_0)
FNDA:246,cp
FNDA:3,(anonymous_2)
FNDA:701,Index
FNDA:956,(anonymous_4)
FNDA:702,(anonymous_5)
FNDA:17,(anonymous_6)
FNDA:0,(anonymous_7)
FNDA:1492,(anonymous_8)
FNDA:719,(anonymous_9)
FNDA:1492,(anonymous_10)
FNDA:9,(anonymous_11)
FNDA:101,(anonymous_12)
FNDA:13,(anonymous_13)
FNDA:0,(anonymous_14)
FNDA:3,(anonymous_15)
FNDA:221,(anonymous_16)
FNDA:190,(anonymous_17)
FNDA:79,(anonymous_18)
FNDA:63,vec_loc
FNDA:0,(anonymous_20)
FNDA:57,(anonymous_21)
FNDA:66,(anonymous_22)
FNDA:44,(anonymous_23)
FNDA:125,vec_loc2
FNDA:66,(anonymous_25)
FNDA:110,(anonymous_26)
FNDA:0,(anonymous_27)
FNDA:176,(anonymous_28)
FNDA:146,(anonymous_29)
FNDA:88,(anonymous_30)
FNDA:52,vec_set
FNDA:21,(anonymous_32)
FNDA:64,(anonymous_33)
FNDA:77,(anonymous_34)
FNDA:23,(anonymous_35)
FNDA:0,_str
FNDA:156,_trans
FNDA:231,(anonymous_38)
FNDA:3,(anonymous_39)
FNDA:189,Series
FNDA:8,(anonymous_41)
FNDA:7,(anonymous_42)
FNDA:189,(anonymous_43)
FNDA:191,(anonymous_44)
FNDA:0,(anonymous_45)
FNDA:0,(anonymous_46)
FNDA:0,(anonymous_47)
FNDA:82,(anonymous_48)
FNDA:64,(anonymous_49)
FNDA:27,(anonymous_50)
FNDA:22,(anonymous_51)
FNDA:10,(anonymous_52)
FNDA:13,(anonymous_53)
FNDA:2,(anonymous_54)
FNDA:1,(anonymous_55)
FNDA:3,(anonymous_56)
FNDA:2,(anonymous_57)
FNDA:6,(anonymous_58)
FNDA:11,(anonymous_59)
FNDA:33,(anonymous_60)
FNDA:5,(anonymous_61)
FNDA:3,(anonymous_62)
FNDA:216,DataFrame
FNDA:3,(anonymous_64)
FNDA:2,(anonymous_65)
FNDA:69,(anonymous_66)
FNDA:70,(anonymous_67)
FNDA:23,(anonymous_68)
FNDA:251,(anonymous_69)
FNDA:536,(anonymous_70)
FNDA:1196,(anonymous_71)
FNDA:252,(anonymous_72)
FNDA:502,(anonymous_73)
FNDA:21,(anonymous_74)
FNDA:488,(anonymous_75)
FNDA:19,(anonymous_76)
FNDA:0,(anonymous_77)
FNDA:0,(anonymous_78)
FNDA:0,(anonymous_79)
FNDA:0,(anonymous_80)
FNDA:0,(anonymous_81)
FNDA:19,(anonymous_82)
FNDA:88,(anonymous_83)
FNDA:109,(anonymous_84)
FNDA:20,(anonymous_85)
FNDA:18,(anonymous_86)
FNDA:18,(anonymous_87)
FNDA:109,(anonymous_88)
FNDA:38,(anonymous_89)
FNDA:30,(anonymous_90)
FNDA:51,(anonymous_91)
FNDA:17,(anonymous_92)
FNDA:15,(anonymous_93)
FNDA:51,(anonymous_94)
FNDA:24,(anonymous_95)
FNDA:34,(anonymous_96)
FNDA:6,(anonymous_97)
FNDA:5,(anonymous_98)
FNDA:4,(anonymous_99)
FNDA:8,(anonymous_100)
FNDA:6,(anonymous_101)
FNDA:5,(anonymous_102)
FNDA:9,(anonymous_103)
FNDA:6,(anonymous_104)
FNDA:2,(anonymous_105)
FNDA:2,(anonymous_106)
FNDA:3,(anonymous_107)
FNDA:6,(anonymous_108)
FNDA:12,(anonymous_109)
FNDA:21,(anonymous_110)
FNDA:276,(anonymous_111)
FNDA:31,(anonymous_112)
FNDA:27,(anonymous_113)
FNDA:27,(anonymous_114)
FNDA:63,(anonymous_115)
FNDA:12,(anonymous_116)
FNDA:3,(anonymous_117)
FNDA:10,(anonymous_118)
FNDA:2,(anonymous_119)
FNDA:6,(anonymous_120)
FNDA:5,(anonymous_121)
FNDA:5,(anonymous_122)
FNDA:3,(anonymous_123)
FNDA:13,(anonymous_124)
DA:1,3
DA:4,3
DA:7,3
DA:23,246
DA:26,3
DA:33,701
DA:34,701
DA:37,3
DA:38,956
DA:41,702
DA:42,702
DA:43,702
DA:47,17
DA:48,11
DA:49,11
DA:50,8
DA:51,8
DA:52,8
DA:54,6
DA:56,14
DA:59,702
DA:60,702
DA:63,3
DA:64,0
DA:65,0
DA:66,0
DA:67,0
DA:68,0
DA:71,3
DA:72,1492
DA:73,1303
DA:75,189
DA:76,189
DA:77,189
DA:79,0
DA:83,719
DA:84,719
DA:85,719
DA:86,1492
DA:90,3
DA:93,9
DA:94,9
DA:95,9
DA:98,3
DA:99,101
DA:102,3
DA:103,13
DA:106,3
DA:107,0
DA:110,3
DA:111,3
DA:114,3
DA:115,221
DA:116,10
DA:119,190
DA:121,190
DA:122,142
DA:123,135
DA:125,48
DA:126,48
DA:127,79
DA:128,76
DA:129,76
DA:131,45
DA:134,3
DA:140,63
DA:141,63
DA:142,42
DA:143,57
DA:144,63
DA:145,46
DA:146,66
DA:147,65
DA:149,17
DA:150,17
DA:151,17
DA:152,44
DA:154,17
DA:159,125
DA:160,115
DA:161,115
DA:162,115
DA:163,110
DA:164,115
DA:165,176
DA:166,115
DA:167,83
DA:168,146
DA:169,143
DA:170,143
DA:173,32
DA:174,28
DA:175,88
DA:176,33
DA:177,33
DA:181,108
DA:186,52
DA:187,2
DA:188,2
DA:191,50
DA:192,64
DA:193,49
DA:194,42
DA:195,36
DA:196,77
DA:197,77
DA:198,36
DA:200,76
DA:202,7
DA:203,7
DA:204,7
DA:205,6
DA:206,5
DA:207,23
DA:208,9
DA:209,5
DA:211,9
DA:212,9
DA:219,0
DA:220,0
DA:222,0
DA:230,156
DA:232,39
DA:233,32
DA:235,0
DA:236,0
DA:238,2
DA:239,1
DA:241,2
DA:242,2
DA:244,42
DA:245,40
DA:247,146
DA:250,3
DA:251,231
DA:253,231
DA:254,229
DA:257,3
DA:266,189
DA:267,189
DA:268,189
DA:270,5
DA:271,8
DA:272,5
DA:274,9
DA:275,9
DA:276,9
DA:278,47
DA:279,47
DA:280,47
DA:282,128
DA:283,128
DA:284,128
DA:288,3
DA:289,189
DA:293,191
DA:296,3
DA:297,0
DA:298,0
DA:299,0
DA:305,3
DA:306,82
DA:308,4
DA:310,11
DA:311,7
DA:313,67
DA:315,60
DA:316,60
DA:322,3
DA:323,64
DA:326,59
DA:331,3
DA:332,27
DA:333,23
DA:337,3
DA:338,22
DA:340,2
DA:341,2
DA:342,2
DA:344,2
DA:345,2
DA:346,2
DA:348,18
DA:354,3
DA:355,10
DA:356,1
DA:358,9
DA:359,9
DA:365,3
DA:366,13
DA:367,1
DA:369,12
DA:370,1
DA:372,11
DA:374,2
DA:382,11
DA:383,3
DA:384,3
DA:385,1
DA:387,2
DA:391,11
DA:392,11
DA:397,3
DA:398,1
DA:399,1
DA:400,1
DA:403,5
DA:404,3
DA:405,2
DA:406,2
DA:407,2
DA:410,3
DA:411,2
DA:412,2
DA:413,2
DA:414,6
DA:415,2
DA:418,3
DA:419,33
DA:422,3
DA:423,5
DA:424,5
DA:426,3
DA:430,3
DA:443,216
DA:444,3
DA:445,3
DA:446,3
DA:447,3
DA:449,216
DA:451,216
DA:452,1
DA:453,216
DA:454,69
DA:455,216
DA:456,70
DA:458,216
DA:460,216
DA:462,216
DA:464,216
DA:465,215
DA:466,202
DA:467,214
DA:469,214
DA:470,201
DA:472,13
DA:474,23
DA:475,13
DA:480,1196
DA:481,3
DA:482,252
DA:483,1
DA:485,251
DA:488,3
DA:489,502
DA:491,3
DA:492,488
DA:496,21
DA:499,19
DA:504,3
DA:505,0
DA:506,0
DA:507,0
DA:509,0
DA:510,0
DA:511,0
DA:512,0
DA:513,0
DA:515,0
DA:516,0
DA:519,3
DA:520,0
DA:521,0
DA:522,0
DA:523,0
DA:527,20
DA:528,19
DA:529,18
DA:530,18
DA:531,18
DA:532,18
DA:534,1
DA:540,3
DA:543,88
DA:545,29
DA:546,27
DA:547,27
DA:549,9
DA:550,8
DA:551,8
DA:552,8
DA:553,8
DA:554,8
DA:555,8
DA:556,8
DA:558,50
DA:559,50
DA:560,50
DA:561,50
DA:562,50
DA:563,50
DA:565,50
DA:567,0
DA:571,3
DA:572,109
DA:574,20
DA:575,7
DA:577,2
DA:578,1
DA:579,1
DA:581,12
DA:582,12
DA:584,12
DA:585,18
DA:586,12
DA:587,18
DA:588,12
DA:591,12
DA:594,12
DA:596,88
DA:601,3
DA:604,109
DA:605,109
DA:606,109
DA:607,109
DA:610,109
DA:612,108
DA:614,88
DA:615,54
DA:617,52
DA:619,34
DA:621,33
DA:623,0
DA:626,3
DA:627,38
DA:628,38
DA:629,38
DA:630,38
DA:632,38
DA:633,37
DA:634,36
DA:638,3
DA:641,30
DA:643,8
DA:644,7
DA:645,5
DA:646,5
DA:648,7
DA:649,6
DA:650,4
DA:651,4
DA:652,4
DA:653,4
DA:655,15
DA:656,10
DA:658,0
DA:662,3
DA:663,51
DA:665,8
DA:666,2
DA:667,2
DA:668,2
DA:670,4
DA:671,3
DA:672,2
DA:673,2
DA:674,2
DA:676,9
DA:678,17
DA:679,8
DA:680,15
DA:682,5
DA:683,5
DA:685,30
DA:689,3
DA:691,51
DA:692,39
DA:693,30
DA:694,30
DA:695,19
DA:697,11
DA:699,11
DA:700,11
DA:701,8
DA:704,28
DA:710,3
DA:711,24
DA:712,4
DA:713,20
DA:714,6
DA:715,6
DA:717,14
DA:718,14
DA:719,14
DA:740,3
DA:741,34
DA:742,4
DA:743,30
DA:744,10
DA:745,10
DA:747,1
DA:750,9
DA:751,9
DA:754,20
DA:755,20
DA:756,20
DA:758,2
DA:762,18
DA:763,16
DA:764,14
DA:769,3
DA:771,6
DA:772,6
DA:773,6
DA:776,6
DA:777,5
DA:778,2
DA:779,2
DA:780,2
DA:781,2
DA:782,2
DA:783,4
DA:786,3
DA:787,3
DA:788,3
DA:789,3
DA:790,3
DA:791,8
DA:796,7
DA:797,6
DA:798,3
DA:799,3
DA:801,3
DA:802,3
DA:804,3
DA:805,3
DA:807,3
DA:808,3
DA:812,7
DA:813,5
DA:814,5
DA:815,5
DA:816,3
DA:817,9
DA:818,3
DA:820,2
DA:821,6
DA:822,2
DA:826,3
DA:827,2
DA:829,2
DA:830,2
DA:834,2
DA:835,2
DA:838,3
DA:839,2
DA:841,2
DA:842,2
DA:846,2
DA:847,2
DA:850,5
DA:852,3
DA:853,3
DA:854,3
DA:855,1
DA:856,3
DA:857,6
DA:858,6
DA:859,12
DA:861,6
DA:865,26
DA:867,21
DA:868,21
DA:869,276
DA:870,276
DA:871,62
DA:874,21
DA:876,21
DA:877,21
DA:878,21
DA:879,31
DA:880,31
DA:882,31
DA:883,31
DA:884,31
DA:888,31
DA:889,31
DA:890,31
DA:892,31
DA:893,3
DA:895,28
DA:896,1
DA:899,27
DA:900,5
DA:902,27
DA:904,27
DA:906,21
DA:909,21
DA:910,21
DA:912,21
DA:913,27
DA:915,27
DA:916,27
DA:919,21
DA:920,27
DA:921,27
DA:923,27
DA:924,27
DA:926,63
DA:927,21
DA:933,3
DA:934,12
DA:935,12
DA:936,12
DA:938,7
DA:939,7
DA:941,2
DA:942,2
DA:944,1
DA:945,1
DA:947,2
DA:948,2
DA:950,12
DA:953,3
DA:955,3
DA:956,10
DA:957,10
DA:961,3
DA:963,2
DA:964,6
DA:965,6
DA:973,3
DA:974,5
DA:975,1
DA:976,4
DA:977,2
DA:979,2
DA:983,5
DA:984,5
DA:985,5
DA:986,5
DA:988,5
DA:989,5
DA:990,1
DA:991,3
DA:992,3
DA:993,3
DA:994,2
DA:995,3
DA:998,4
DA:999,4
DA:1000,4
DA:1001,13
DA:1002,13
DA:1003,13
DA:1004,10
DA:1005,13
DA:1008,5
DA:1009,5
DA:1012,3
DA:1014,3
LF:561
LH:529
BRDA:33,0,0,6
BRDA:33,0,1,695
BRDA:47,1,0,11
BRDA:47,1,1,6
BRDA:66,2,0,0
BRDA:66,2,1,0
BRDA:72,3,0,1303
BRDA:72,3,1,189
BRDA:76,4,0,189
BRDA:76,4,1,0
BRDA:115,5,0,10
BRDA:121,6,0,142
BRDA:121,6,1,48
BRDA:129,7,0,14
BRDA:129,7,1,62
BRDA:140,8,0,0
BRDA:141,9,0,42
BRDA:142,10,0,0
BRDA:142,10,1,42
BRDA:144,11,0,46
BRDA:144,11,1,17
BRDA:152,12,0,27
BRDA:159,13,0,10
BRDA:162,14,0,50
BRDA:162,14,1,65
BRDA:164,15,0,0
BRDA:164,15,1,115
BRDA:166,16,0,83
BRDA:166,16,1,32
BRDA:175,17,0,33
BRDA:186,18,0,2
BRDA:191,19,0,13
BRDA:191,19,1,36
BRDA:193,20,0,42
BRDA:193,20,1,7
BRDA:197,21,0,36
BRDA:198,22,0,10
BRDA:198,22,1,26
BRDA:207,23,0,9
BRDA:208,24,0,5
BRDA:209,25,0,1
BRDA:209,25,1,4
BRDA:219,26,0,0
BRDA:219,26,1,0
BRDA:219,27,0,0
BRDA:219,27,1,0
BRDA:219,27,2,0
BRDA:230,28,0,39
BRDA:230,28,1,0
BRDA:230,28,2,2
BRDA:230,28,3,2
BRDA:230,28,4,42
BRDA:237,29,0,117
BRDA:237,29,1,4
BRDA:237,29,2,3
BRDA:243,30,0,113
BRDA:243,30,1,72
BRDA:243,30,2,70
BRDA:251,31,0,226
BRDA:251,31,1,5
BRDA:254,32,0,226
BRDA:254,32,1,3
BRDA:268,33,0,5
BRDA:268,33,1,9
BRDA:268,33,2,47
BRDA:268,33,3,128
BRDA:269,34,0,189
BRDA:269,34,1,5
BRDA:273,35,0,184
BRDA:273,35,1,56
BRDA:273,35,2,52
BRDA:279,36,0,0
BRDA:279,36,1,47
BRDA:284,37,0,39
BRDA:284,37,1,89
BRDA:297,38,0,0
BRDA:297,38,1,0
BRDA:306,39,0,4
BRDA:306,39,1,11
BRDA:306,39,2,67
BRDA:338,40,0,2
BRDA:338,40,1,2
BRDA:338,40,2,18
BRDA:355,41,0,1
BRDA:355,41,1,9
BRDA:366,42,0,1
BRDA:366,42,1,12
BRDA:369,43,0,1
BRDA:369,43,1,11
BRDA:369,44,0,12
BRDA:369,44,1,4
BRDA:372,45,0,2
BRDA:372,46,0,11
BRDA:372,46,1,10
BRDA:382,47,0,3
BRDA:382,48,0,11
BRDA:382,48,1,11
BRDA:384,49,0,1
BRDA:384,50,0,3
BRDA:384,50,1,2
BRDA:397,51,0,0
BRDA:403,52,0,2
BRDA:411,53,0,1
BRDA:411,53,1,1
BRDA:443,54,0,3
BRDA:443,55,0,216
BRDA:443,55,1,203
BRDA:447,56,0,1
BRDA:447,56,1,2
BRDA:451,57,0,1
BRDA:451,58,0,216
BRDA:451,58,1,35
BRDA:453,59,0,34
BRDA:455,60,0,40
BRDA:455,61,0,216
BRDA:455,61,1,200
BRDA:458,62,0,73
BRDA:458,62,1,143
BRDA:460,63,0,73
BRDA:460,63,1,143
BRDA:465,64,0,202
BRDA:469,65,0,201
BRDA:469,65,1,13
BRDA:482,66,0,1
BRDA:482,66,1,251
BRDA:527,67,0,1
BRDA:528,68,0,18
BRDA:528,68,1,1
BRDA:543,69,0,29
BRDA:543,69,1,9
BRDA:543,69,2,50
BRDA:543,69,3,0
BRDA:544,70,0,88
BRDA:544,70,1,38
BRDA:548,71,0,59
BRDA:548,71,1,9
BRDA:557,72,0,50
BRDA:557,72,1,50
BRDA:565,73,0,17
BRDA:565,73,1,33
BRDA:572,74,0,7
BRDA:572,74,1,2
BRDA:572,74,2,12
BRDA:572,74,3,88
BRDA:573,75,0,109
BRDA:573,75,1,37
BRDA:576,76,0,102
BRDA:576,76,1,23
BRDA:580,77,0,100
BRDA:580,77,1,49
BRDA:604,78,0,23
BRDA:605,79,0,0
BRDA:612,80,0,20
BRDA:614,81,0,54
BRDA:614,81,1,34
BRDA:614,82,0,88
BRDA:614,82,1,39
BRDA:617,83,0,52
BRDA:621,84,0,33
BRDA:627,85,0,8
BRDA:628,86,0,8
BRDA:641,87,0,8
BRDA:641,87,1,7
BRDA:641,87,2,15
BRDA:641,87,3,0
BRDA:642,88,0,30
BRDA:642,88,1,15
BRDA:647,89,0,22
BRDA:647,89,1,7
BRDA:654,90,0,15
BRDA:654,90,1,15
BRDA:663,91,0,8
BRDA:663,91,1,4
BRDA:663,91,2,9
BRDA:663,91,3,30
BRDA:664,92,0,51
BRDA:664,92,1,16
BRDA:669,93,0,43
BRDA:669,93,1,14
BRDA:675,94,0,39
BRDA:675,94,1,21
BRDA:692,95,0,30
BRDA:694,96,0,19
BRDA:694,96,1,11
BRDA:694,97,0,30
BRDA:694,97,1,15
BRDA:697,98,0,11
BRDA:699,99,0,6
BRDA:699,100,0,11
BRDA:699,100,1,11
BRDA:701,101,0,8
BRDA:704,102,0,0
BRDA:711,103,0,4
BRDA:711,103,1,20
BRDA:711,104,0,24
BRDA:711,104,1,4
BRDA:713,105,0,6
BRDA:713,105,1,14
BRDA:714,106,0,0
BRDA:717,107,0,4
BRDA:718,108,0,0
BRDA:741,109,0,4
BRDA:741,109,1,30
BRDA:741,110,0,34
BRDA:741,110,1,4
BRDA:743,111,0,10
BRDA:743,111,1,20
BRDA:744,112,0,0
BRDA:745,113,0,1
BRDA:745,113,1,9
BRDA:745,114,0,10
BRDA:745,114,1,6
BRDA:754,115,0,6
BRDA:755,116,0,0
BRDA:756,117,0,2
BRDA:756,117,1,18
BRDA:756,118,0,20
BRDA:756,118,1,6
BRDA:756,118,2,3
BRDA:776,119,0,0
BRDA:776,120,0,1
BRDA:777,121,0,2
BRDA:777,121,1,3
BRDA:796,122,0,0
BRDA:796,123,0,1
BRDA:797,124,0,3
BRDA:797,124,1,3
BRDA:798,125,0,0
BRDA:798,125,1,3
BRDA:804,126,0,1
BRDA:804,126,1,2
BRDA:812,127,0,2
BRDA:813,128,0,3
BRDA:813,128,1,2
BRDA:815,129,0,3
BRDA:815,129,1,2
BRDA:830,130,0,1
BRDA:830,130,1,1
BRDA:842,131,0,1
BRDA:842,131,1,1
BRDA:850,132,0,2
BRDA:852,133,0,2
BRDA:852,133,1,1
BRDA:853,134,0,2
BRDA:853,134,1,1
BRDA:854,135,0,1
BRDA:865,136,0,5
BRDA:870,137,0,62
BRDA:870,138,0,276
BRDA:870,138,1,245
BRDA:888,139,0,31
BRDA:888,139,1,8
BRDA:889,140,0,31
BRDA:889,140,1,31
BRDA:890,141,0,23
BRDA:890,141,1,8
BRDA:892,142,0,3
BRDA:892,143,0,31
BRDA:892,143,1,4
BRDA:892,143,2,4
BRDA:895,144,0,1
BRDA:899,145,0,5
BRDA:902,146,0,19
BRDA:902,146,1,8
BRDA:902,147,0,27
BRDA:902,147,1,8
BRDA:909,148,0,15
BRDA:909,148,1,6
BRDA:910,149,0,15
BRDA:910,149,1,6
BRDA:915,150,0,1
BRDA:915,150,1,26
BRDA:921,151,0,8
BRDA:921,151,1,19
BRDA:936,152,0,7
BRDA:936,152,1,2
BRDA:936,152,2,1
BRDA:936,152,3,2
BRDA:937,153,0,12
BRDA:937,153,1,11
BRDA:940,154,0,5
BRDA:940,154,1,4
BRDA:974,155,0,1
BRDA:974,155,1,4
BRDA:974,156,0,5
BRDA:974,156,1,1
BRDA:976,157,0,2
BRDA:976,157,1,2
BRDA:983,158,0,0
BRDA:984,159,0,3
BRDA:984,159,1,2
BRDA:985,160,0,3
BRDA:985,160,1,2
BRDA:986,161,0,3
BRDA:986,161,1,2
BRDA:989,162,0,1
BRDA:989,162,1,4
BRDA:993,163,0,2
BRDA:998,164,0,1
BRDA:998,164,1,3
BRDA:1003,165,0,10
BRF:301
BRH:273
end_of_record
TN:
SF:src/df_lib.tsx
FN:19,(anonymous_0)
FN:23,GroupByThen
FN:29,(anonymous_2)
FN:32,(anonymous_3)
FNF:4
FNH:4
FNDA:3,(anonymous_0)
FNDA:5,GroupByThen
FNDA:5,(anonymous_2)
FNDA:12,(anonymous_3)
DA:3,3
DA:19,3
DA:24,5
DA:25,5
DA:26,5
DA:29,5
DA:31,5
DA:32,5
DA:33,12
DA:34,12
DA:35,12
DA:37,12
DA:38,12
DA:41,3
DA:43,3
LF:15
LH:15
BRDA:34,0,0,6
BRDA:34,0,1,6
BRDA:35,1,0,7
BRDA:35,1,1,5
BRF:4
BRH:4
end_of_record
TN:
SF:src/util.tsx
FN:4,(anonymous_0)
FN:5,(anonymous_1)
FN:7,(anonymous_2)
FN:8,(anonymous_3)
FN:9,(anonymous_4)
FN:11,(anonymous_5)
FN:17,(anonymous_6)
FN:29,(anonymous_7)
FN:35,(anonymous_8)
FN:42,(anonymous_9)
FN:48,(anonymous_10)
FN:53,(anonymous_11)
FN:59,(anonymous_12)
FN:65,(anonymous_13)
FN:77,(anonymous_14)
FN:82,(anonymous_15)
FN:90,(anonymous_16)
FN:95,(anonymous_17)
FN:103,(anonymous_18)
FN:104,(anonymous_19)
FN:114,(anonymous_20)
FN:125,_trans_neg
FN:130,_trans_rg
FN:193,range
FN:203,_trans_iloc
FN:213,(anonymous_25)
FNF:26
FNH:24
FNDA:1193,(anonymous_0)
FNDA:379,(anonymous_1)
FNDA:1383,(anonymous_2)
FNDA:367,(anonymous_3)
FNDA:256,(anonymous_4)
FNDA:0,(anonymous_5)
FNDA:11,(anonymous_6)
FNDA:649,(anonymous_7)
FNDA:21,(anonymous_8)
FNDA:374,(anonymous_9)
FNDA:56,(anonymous_10)
FNDA:94,(anonymous_11)
FNDA:92,(anonymous_12)
FNDA:93,(anonymous_13)
FNDA:30,(anonymous_14)
FNDA:75,(anonymous_15)
FNDA:8,(anonymous_16)
FNDA:12,(anonymous_17)
FNDA:6,(anonymous_18)
FNDA:28,(anonymous_19)
FNDA:0,(anonymous_20)
FNDA:11,_trans_neg
FNDA:94,_trans_rg
FNDA:54,range
FNDA:291,_trans_iloc
FNDA:122,(anonymous_25)
DA:4,1193
DA:5,379
DA:7,1383
DA:8,367
DA:9,256
DA:11,4
DA:15,4
DA:18,11
DA:19,11
DA:20,1
DA:21,10
DA:22,2
DA:23,8
DA:24,0
DA:30,649
DA:31,4
DA:36,21
DA:37,0
DA:43,374
DA:44,2
DA:45,372
DA:46,15
DA:49,56
DA:50,5
DA:54,94
DA:55,1
DA:56,93
DA:57,0
DA:60,92
DA:61,2
DA:62,90
DA:63,2
DA:66,93
DA:67,0
DA:68,93
DA:69,1
DA:70,92
DA:71,0
DA:78,30
DA:79,0
DA:83,75
DA:84,75
DA:86,11
DA:91,8
DA:92,2
DA:95,6
DA:96,12
DA:98,6
DA:99,4
DA:104,28
DA:105,6
DA:106,1
DA:116,0
DA:117,0
DA:126,11
DA:127,11
DA:132,94
DA:133,93
DA:134,93
DA:135,93
DA:136,81
DA:138,12
DA:140,93
DA:141,93
DA:142,93
DA:144,92
DA:145,84
DA:146,84
DA:147,84
DA:150,84
DA:151,80
DA:152,80
DA:153,80
DA:154,75
DA:155,74
DA:156,74
DA:157,74
DA:158,74
DA:159,382
DA:160,382
DA:162,74
DA:164,8
DA:165,8
DA:166,8
DA:167,3
DA:168,3
DA:170,8
DA:173,8
DA:174,8
DA:175,8
DA:176,8
DA:177,6
DA:178,6
DA:179,6
DA:180,6
DA:181,6
DA:182,6
DA:183,14
DA:184,14
DA:186,6
DA:194,54
DA:195,50
DA:196,4
DA:197,1
DA:199,3
DA:207,291
DA:209,29
DA:211,6
DA:213,81
DA:214,122
DA:216,175
DA:222,4
DA:223,4
DA:224,4
LF:114
LH:106
BRDA:8,0,0,367
BRDA:8,0,1,309
BRDA:9,1,0,256
BRDA:9,1,1,115
BRDA:9,1,2,112
BRDA:11,2,0,0
BRDA:11,2,1,0
BRDA:11,2,2,0
BRDA:19,3,0,1
BRDA:21,4,0,2
BRDA:21,5,0,10
BRDA:21,5,1,9
BRDA:23,6,0,0
BRDA:23,7,0,8
BRDA:23,7,1,7
BRDA:30,8,0,4
BRDA:36,9,0,0
BRDA:43,10,0,2
BRDA:45,11,0,15
BRDA:45,12,0,372
BRDA:45,12,1,370
BRDA:49,13,0,5
BRDA:54,14,0,1
BRDA:56,15,0,0
BRDA:60,16,0,2
BRDA:60,17,0,92
BRDA:60,17,1,91
BRDA:62,18,0,2
BRDA:62,19,0,90
BRDA:62,19,1,88
BRDA:66,20,0,0
BRDA:68,21,0,1
BRDA:70,22,0,0
BRDA:78,23,0,0
BRDA:84,24,0,11
BRDA:84,25,0,75
BRDA:84,25,1,74
BRDA:87,26,0,10
BRDA:87,26,1,1
BRDA:91,27,0,2
BRDA:96,28,0,12
BRDA:96,28,1,10
BRDA:98,29,0,4
BRDA:104,30,0,11
BRDA:104,30,1,17
BRDA:105,31,0,1
BRDA:116,32,0,0
BRDA:127,33,0,2
BRDA:127,33,1,9
BRDA:135,34,0,81
BRDA:135,34,1,12
BRDA:140,35,0,92
BRDA:140,35,1,1
BRDA:144,36,0,84
BRDA:144,36,1,8
BRDA:145,37,0,21
BRDA:145,37,1,63
BRDA:146,38,0,76
BRDA:146,38,1,8
BRDA:151,39,0,5
BRDA:152,40,0,6
BRDA:153,41,0,5
BRDA:154,42,0,1
BRDA:155,43,0,1
BRDA:155,43,1,73
BRDA:164,44,0,6
BRDA:164,44,1,2
BRDA:166,45,0,3
BRDA:174,46,0,0
BRDA:175,47,0,0
BRDA:176,48,0,2
BRDA:177,49,0,0
BRDA:178,50,0,3
BRDA:178,50,1,3
BRDA:181,51,0,3
BRDA:181,51,1,3
BRDA:194,52,0,50
BRDA:194,52,1,4
BRDA:194,53,0,54
BRDA:194,53,1,50
BRDA:196,54,0,1
BRDA:196,54,1,3
BRDA:200,55,0,1
BRDA:200,55,1,2
BRDA:207,56,0,29
BRDA:207,56,1,6
BRDA:207,56,2,81
BRDA:207,56,3,175
BRDA:210,57,0,262
BRDA:210,57,1,52
BRDA:214,58,0,11
BRDA:214,58,1,111
BRF:92
BRH:79
end_of_record
